<?xml version="1.0" encoding="utf-8"?>
<!DOCTYPE coverage SYSTEM "http://cobertura.sourceforge.net/xml/coverage-04.dtd">
<coverage line-rate="1" branch-rate="1" lines-covered="15" lines-valid="15" branches-covered="2" branches-valid="2" complexity="5" version="0" timestamp="1695142567">
  <sources>
    <source>C:\Users\jason\source\repos\MoneyMeans.Zoo\MoneyMeans.Zoo\</source>
  </sources>
  <packages>
    <package name="MoneyMeans.Zoo" line-rate="1" branch-rate="1" complexity="5">
      <classes>
        <class name="MoneyMeans.Zoo.Animal" filename="C:\Users\jason\source\repos\MoneyMeans.Zoo\MoneyMeans.Zoo\Animal.cs" line-rate="1" branch-rate="1" complexity="1">
          <methods>
            <method name="get_NumberOfLegs" signature="()" line-rate="1" branch-rate="1" complexity="1">
              <lines>
                <line number="5" hits="20" branch="false" />
              </lines>
            </method>
          </methods>
          <lines>
            <line number="5" hits="20" branch="false" />
          </lines>
        </class>
        <class name="MoneyMeans.Zoo.Cat" filename="C:\Users\jason\source\repos\MoneyMeans.Zoo\MoneyMeans.Zoo\Cat.cs" line-rate="1" branch-rate="1" complexity="1">
          <methods>
            <method name="Talk" signature="()" line-rate="1" branch-rate="1" complexity="1">
              <lines>
                <line number="6" hits="1" branch="false" />
                <line number="7" hits="1" branch="false" />
                <line number="8" hits="1" branch="false" />
              </lines>
            </method>
          </methods>
          <lines>
            <line number="6" hits="1" branch="false" />
            <line number="7" hits="1" branch="false" />
            <line number="8" hits="1" branch="false" />
          </lines>
        </class>
        <class name="MoneyMeans.Zoo.Dog" filename="C:\Users\jason\source\repos\MoneyMeans.Zoo\MoneyMeans.Zoo\Dog.cs" line-rate="1" branch-rate="1" complexity="3">
          <methods>
            <method name="Talk" signature="()" line-rate="1" branch-rate="1" complexity="2">
              <lines>
                <line number="13" hits="7" branch="false" />
                <line number="14" hits="7" branch="true" condition-coverage="100% (2/2)" />
                <line number="15" hits="4" branch="false" />
                <line number="16" hits="4" branch="false" />
                <line number="19" hits="3" branch="false" />
                <line number="20" hits="7" branch="false" />
              </lines>
            </method>
            <method name=".ctor" signature="()" line-rate="1" branch-rate="1" complexity="1">
              <lines>
                <line number="5" hits="7" branch="false" />
                <line number="7" hits="7" branch="false" />
                <line number="8" hits="7" branch="false" />
                <line number="9" hits="7" branch="false" />
                <line number="10" hits="7" branch="false" />
              </lines>
            </method>
          </methods>
          <lines>
            <line number="5" hits="7" branch="false" />
            <line number="7" hits="7" branch="false" />
            <line number="8" hits="7" branch="false" />
            <line number="9" hits="7" branch="false" />
            <line number="10" hits="7" branch="false" />
            <line number="13" hits="7" branch="false" />
            <line number="14" hits="7" branch="true" condition-coverage="100% (2/2)" />
            <line number="15" hits="4" branch="false" />
            <line number="16" hits="4" branch="false" />
            <line number="19" hits="3" branch="false" />
            <line number="20" hits="7" branch="false" />
          </lines>
        </class>
      </classes>
    </package>
  </packages>
</coverage>