TpTrace Verbose: 0 : 4260, 1, 2023/09/19, 16:56:04.781, 4468786583388, vstest.console.dll, Version: 17.7.1-release-23418-01 Current process architecture: X64
TpTrace Verbose: 0 : 4260, 1, 2023/09/19, 16:56:04.784, 4468786610072, vstest.console.dll, Runtime location: C:\Program Files\dotnet\shared\Microsoft.NETCore.App\7.0.11
TpTrace Verbose: 0 : 4260, 1, 2023/09/19, 16:56:04.788, 4468786649504, vstest.console.dll, ArtifactProcessingPostProcessModeProcessorExecutor.Initialize: ArtifactProcessingMode.Collect
TpTrace Verbose: 0 : 4260, 1, 2023/09/19, 16:56:04.788, 4468786651102, vstest.console.dll, TestSessionCorrelationIdProcessorModeProcessorExecutor.Initialize: TestSessionCorrelationId '11036_15bf95d7-e7e2-4f28-9ebb-8ad1b97727af'
TpTrace Information: 0 : 4260, 1, 2023/09/19, 16:56:04.799, 4468786761233, vstest.console.dll, FilePatternParser: The given file C:\Users\jason\source\repos\MoneyMeans.Zoo\MoneyMeans.Zoo.Test\bin\Debug\net7.0\fine-code-coverage\build-output\MoneyMeans.Zoo.Test.dll is a full path.
TpTrace Verbose: 0 : 4260, 1, 2023/09/19, 16:56:04.806, 4468786835096, vstest.console.dll, TestPluginCache.DiscoverTestExtensions: finding test extensions in assemblies ends with: RuntimeProvider.dll TPluginInfo: Microsoft.VisualStudio.TestPlatform.Common.ExtensionFramework.Utilities.TestRuntimePluginInformation TExtension: Microsoft.VisualStudio.TestPlatform.ObjectModel.Host.ITestRuntimeProvider
TpTrace Verbose: 0 : 4260, 1, 2023/09/19, 16:56:04.807, 4468786840989, vstest.console.dll, TestPluginCache.GetExtensionPaths: Filtered extension paths: 
TpTrace Verbose: 0 : 4260, 1, 2023/09/19, 16:56:04.807, 4468786842361, vstest.console.dll, TestPluginCache.GetExtensionPaths: Added default extension paths: C:\Program Files\dotnet\sdk\7.0.401\Extensions\Microsoft.Diagnostics.NETCore.Client.dll
C:\Program Files\dotnet\sdk\7.0.401\Extensions\Microsoft.TestPlatform.Extensions.BlameDataCollector.dll
C:\Program Files\dotnet\sdk\7.0.401\Extensions\Microsoft.TestPlatform.Extensions.EventLogCollector.dll
C:\Program Files\dotnet\sdk\7.0.401\Extensions\Microsoft.TestPlatform.TestHostRuntimeProvider.dll
C:\Program Files\dotnet\sdk\7.0.401\Extensions\Microsoft.VisualStudio.TestPlatform.Extensions.Html.TestLogger.dll
C:\Program Files\dotnet\sdk\7.0.401\Extensions\Microsoft.VisualStudio.TestPlatform.Extensions.Trx.TestLogger.dll
TpTrace Verbose: 0 : 4260, 1, 2023/09/19, 16:56:04.807, 4468786842842, vstest.console.dll, TestPluginCache.GetExtensionPaths: Added unfilterableExtensionPaths: 
TpTrace Information: 0 : 4260, 1, 2023/09/19, 16:56:04.808, 4468786850604, vstest.console.dll, AssemblyResolver.ctor: Creating AssemblyResolver with searchDirectories C:\Program Files\dotnet\sdk\7.0.401\Extensions,C:\Program Files\dotnet\sdk\7.0.401
TpTrace Verbose: 0 : 4260, 1, 2023/09/19, 16:56:04.809, 4468786862691, vstest.console.dll, TestPluginCache.DiscoverTestExtensions: Discovering the extensions using extension path.
TpTrace Verbose: 0 : 4260, 1, 2023/09/19, 16:56:04.809, 4468786864506, vstest.console.dll, TestPluginCache.GetExtensionPaths: Filtered extension paths: 
TpTrace Verbose: 0 : 4260, 1, 2023/09/19, 16:56:04.809, 4468786865111, vstest.console.dll, TestPluginCache.GetExtensionPaths: Added default extension paths: C:\Program Files\dotnet\sdk\7.0.401\Extensions\Microsoft.Diagnostics.NETCore.Client.dll
C:\Program Files\dotnet\sdk\7.0.401\Extensions\Microsoft.TestPlatform.Extensions.BlameDataCollector.dll
C:\Program Files\dotnet\sdk\7.0.401\Extensions\Microsoft.TestPlatform.Extensions.EventLogCollector.dll
C:\Program Files\dotnet\sdk\7.0.401\Extensions\Microsoft.TestPlatform.TestHostRuntimeProvider.dll
C:\Program Files\dotnet\sdk\7.0.401\Extensions\Microsoft.VisualStudio.TestPlatform.Extensions.Html.TestLogger.dll
C:\Program Files\dotnet\sdk\7.0.401\Extensions\Microsoft.VisualStudio.TestPlatform.Extensions.Trx.TestLogger.dll
TpTrace Verbose: 0 : 4260, 1, 2023/09/19, 16:56:04.809, 4468786865499, vstest.console.dll, TestPluginCache.GetExtensionPaths: Added unfilterableExtensionPaths: 
TpTrace Verbose: 0 : 4260, 1, 2023/09/19, 16:56:04.810, 4468786866645, vstest.console.dll, TestPluginCache.DiscoverTestExtensions: Discovering the extensions using allExtensionPaths: C:\Program Files\dotnet\sdk\7.0.401\Extensions\Microsoft.Diagnostics.NETCore.Client.dll
C:\Program Files\dotnet\sdk\7.0.401\Extensions\Microsoft.TestPlatform.Extensions.BlameDataCollector.dll
C:\Program Files\dotnet\sdk\7.0.401\Extensions\Microsoft.TestPlatform.Extensions.EventLogCollector.dll
C:\Program Files\dotnet\sdk\7.0.401\Extensions\Microsoft.TestPlatform.TestHostRuntimeProvider.dll
C:\Program Files\dotnet\sdk\7.0.401\Extensions\Microsoft.VisualStudio.TestPlatform.Extensions.Html.TestLogger.dll
C:\Program Files\dotnet\sdk\7.0.401\Extensions\Microsoft.VisualStudio.TestPlatform.Extensions.Trx.TestLogger.dll
TpTrace Information: 0 : 4260, 1, 2023/09/19, 16:56:04.810, 4468786868584, vstest.console.dll, AssemblyResolver.AddSearchDirectories: Adding more searchDirectories C:\Program Files\dotnet\sdk\7.0.401\Extensions,C:\Program Files\dotnet\sdk\7.0.401
TpTrace Information: 0 : 4260, 1, 2023/09/19, 16:56:04.810, 4468786869418, vstest.console.dll, AssemblyResolver.AddSearchDirectories: Adding more searchDirectories C:\Program Files\dotnet\sdk\7.0.401\Extensions,C:\Program Files\dotnet\sdk\7.0.401
TpTrace Information: 0 : 4260, 1, 2023/09/19, 16:56:04.810, 4468786869961, vstest.console.dll, AssemblyResolver.AddSearchDirectories: Adding more searchDirectories C:\Program Files\dotnet\sdk\7.0.401\Extensions,C:\Program Files\dotnet\sdk\7.0.401
TpTrace Information: 0 : 4260, 1, 2023/09/19, 16:56:04.810, 4468786870340, vstest.console.dll, AssemblyResolver.AddSearchDirectories: Adding more searchDirectories C:\Program Files\dotnet\sdk\7.0.401\Extensions,C:\Program Files\dotnet\sdk\7.0.401
TpTrace Information: 0 : 4260, 1, 2023/09/19, 16:56:04.810, 4468786870709, vstest.console.dll, AssemblyResolver.AddSearchDirectories: Adding more searchDirectories C:\Program Files\dotnet\sdk\7.0.401\Extensions,C:\Program Files\dotnet\sdk\7.0.401
TpTrace Information: 0 : 4260, 1, 2023/09/19, 16:56:04.810, 4468786871136, vstest.console.dll, AssemblyResolver.AddSearchDirectories: Adding more searchDirectories C:\Program Files\dotnet\sdk\7.0.401\Extensions,C:\Program Files\dotnet\sdk\7.0.401
TpTrace Information: 0 : 4260, 1, 2023/09/19, 16:56:04.811, 4468786876498, vstest.console.dll, AssemblyResolver.OnResolve: Microsoft.Diagnostics.NETCore.Client: Resolving assembly.
TpTrace Information: 0 : 4260, 1, 2023/09/19, 16:56:04.811, 4468786877545, vstest.console.dll, AssemblyResolver.OnResolve: Microsoft.Diagnostics.NETCore.Client: Searching in: 'C:\Program Files\dotnet\sdk\7.0.401\Extensions'.
TpTrace Information: 0 : 4260, 1, 2023/09/19, 16:56:04.820, 4468786967954, vstest.console.dll, AssemblyResolver.OnResolve: Microsoft.Diagnostics.NETCore.Client: Loading assembly 'C:\Program Files\dotnet\sdk\7.0.401\Extensions\Microsoft.Diagnostics.NETCore.Client.dll'.
TpTrace Information: 0 : 4260, 1, 2023/09/19, 16:56:04.821, 4468786977657, vstest.console.dll, AssemblyResolver.OnResolve: Resolved assembly: Microsoft.Diagnostics.NETCore.Client, from path: C:\Program Files\dotnet\sdk\7.0.401\Extensions\Microsoft.Diagnostics.NETCore.Client.dll
TpTrace Verbose: 0 : 4260, 1, 2023/09/19, 16:56:04.822, 4468786994041, vstest.console.dll, MetadataReaderExtensionsHelper: Discovering extensions inside assembly 'Microsoft.Diagnostics.NETCore.Client, Version=0.2.8.21101, Culture=neutral, PublicKeyToken=31bf3856ad364e35' file path 'C:\Program Files\dotnet\sdk\7.0.401\Extensions\Microsoft.Diagnostics.NETCore.Client.dll'
TpTrace Information: 0 : 4260, 1, 2023/09/19, 16:56:04.828, 4468787049642, vstest.console.dll, AssemblyResolver.OnResolve: Microsoft.Bcl.AsyncInterfaces: Resolving assembly.
TpTrace Information: 0 : 4260, 1, 2023/09/19, 16:56:04.828, 4468787050663, vstest.console.dll, AssemblyResolver.OnResolve: Microsoft.Bcl.AsyncInterfaces: Searching in: 'C:\Program Files\dotnet\sdk\7.0.401\Extensions'.
TpTrace Information: 0 : 4260, 1, 2023/09/19, 16:56:04.828, 4468787051718, vstest.console.dll, AssemblyResolver.OnResolve: Microsoft.Bcl.AsyncInterfaces: Assembly path does not exist: 'C:\Program Files\dotnet\sdk\7.0.401\Extensions\Microsoft.Bcl.AsyncInterfaces.dll', returning.
TpTrace Information: 0 : 4260, 1, 2023/09/19, 16:56:04.828, 4468787053139, vstest.console.dll, AssemblyResolver.OnResolve: Microsoft.Bcl.AsyncInterfaces: Assembly path does not exist: 'C:\Program Files\dotnet\sdk\7.0.401\Extensions\Microsoft.Bcl.AsyncInterfaces.exe', returning.
TpTrace Information: 0 : 4260, 1, 2023/09/19, 16:56:04.828, 4468787053568, vstest.console.dll, AssemblyResolver.OnResolve: Microsoft.Bcl.AsyncInterfaces: Searching in: 'C:\Program Files\dotnet\sdk\7.0.401'.
TpTrace Information: 0 : 4260, 1, 2023/09/19, 16:56:04.828, 4468787054751, vstest.console.dll, AssemblyResolver.OnResolve: Microsoft.Bcl.AsyncInterfaces: Assembly path does not exist: 'C:\Program Files\dotnet\sdk\7.0.401\Microsoft.Bcl.AsyncInterfaces.dll', returning.
TpTrace Information: 0 : 4260, 1, 2023/09/19, 16:56:04.828, 4468787055456, vstest.console.dll, AssemblyResolver.OnResolve: Microsoft.Bcl.AsyncInterfaces: Assembly path does not exist: 'C:\Program Files\dotnet\sdk\7.0.401\Microsoft.Bcl.AsyncInterfaces.exe', returning.
TpTrace Information: 0 : 4260, 1, 2023/09/19, 16:56:04.828, 4468787055903, vstest.console.dll, AssemblyResolver.OnResolve: Microsoft.Bcl.AsyncInterfaces: Failed to load assembly.
TpTrace Verbose: 0 : 4260, 1, 2023/09/19, 16:56:04.828, 4468787056323, vstest.console.dll, CurrentDomainAssemblyResolve: Resolving assembly 'Microsoft.Bcl.AsyncInterfaces'.
TpTrace Information: 0 : 4260, 1, 2023/09/19, 16:56:04.829, 4468787056964, vstest.console.dll, AssemblyResolver.OnResolve: Microsoft.Bcl.AsyncInterfaces: Resolving assembly.
TpTrace Information: 0 : 4260, 1, 2023/09/19, 16:56:04.829, 4468787057757, vstest.console.dll, AssemblyResolver.OnResolve: Microsoft.Bcl.AsyncInterfaces: Resolved from cache.
TpTrace Verbose: 0 : 4260, 1, 2023/09/19, 16:56:04.829, 4468787058110, vstest.console.dll, CurrentDomainAssemblyResolve: Resolving assembly 'Microsoft.Bcl.AsyncInterfaces'.
TpTrace Verbose: 0 : 4260, 1, 2023/09/19, 16:56:04.829, 4468787058975, vstest.console.dll, CurrentDomainAssemblyResolve: Failed to resolve assembly 'Microsoft.Bcl.AsyncInterfaces'.
TpTrace Verbose: 0 : 4260, 1, 2023/09/19, 16:56:04.831, 4468787078011, vstest.console.dll, CurrentDomainAssemblyResolve: Failed to resolve assembly 'Microsoft.Bcl.AsyncInterfaces'.
TpTrace Warning: 0 : 4260, 1, 2023/09/19, 16:56:04.842, 4468787196311, vstest.console.dll, TestPluginDiscoverer: Failed to get types from assembly 'Microsoft.Diagnostics.NETCore.Client, Version=0.2.8.21101, Culture=neutral, PublicKeyToken=31bf3856ad364e35'. Error: System.Reflection.ReflectionTypeLoadException: Unable to load one or more of the requested types.
Could not load file or assembly 'Microsoft.Bcl.AsyncInterfaces, Version=1.0.0.0, Culture=neutral, PublicKeyToken=cc7b13ffcd2ddd51'. The system cannot find the file specified.
   at System.Reflection.RuntimeModule.GetTypes(RuntimeModule module)
   at System.Reflection.Assembly.GetTypes()
   at Microsoft.VisualStudio.TestPlatform.Common.ExtensionFramework.TestPluginDiscoverer.GetTestExtensionsFromAssembly[TPluginInfo,TExtension](Assembly assembly, Dictionary`2 pluginInfos, String filePath) in /_/src/Microsoft.TestPlatform.Common/ExtensionFramework/TestPluginDiscoverer.cs:line 158
System.IO.FileNotFoundException: Could not load file or assembly 'Microsoft.Bcl.AsyncInterfaces, Version=1.0.0.0, Culture=neutral, PublicKeyToken=cc7b13ffcd2ddd51'. The system cannot find the file specified.
File name: 'Microsoft.Bcl.AsyncInterfaces, Version=1.0.0.0, Culture=neutral, PublicKeyToken=cc7b13ffcd2ddd51'
 ---> System.IO.FileNotFoundException: Could not load file or assembly 'Microsoft.Bcl.AsyncInterfaces, Culture=neutral, PublicKeyToken=null'. The system cannot find the file specified.
File name: 'Microsoft.Bcl.AsyncInterfaces, Culture=neutral, PublicKeyToken=null'
   at System.Reflection.RuntimeAssembly.InternalLoad(AssemblyName assemblyName, StackCrawlMark& stackMark, AssemblyLoadContext assemblyLoadContext, RuntimeAssembly requestingAssembly, Boolean throwOnFileNotFound)
   at System.Reflection.Assembly.Load(AssemblyName assemblyRef)
   at Microsoft.VisualStudio.TestPlatform.Common.ExtensionFramework.TestPluginCache.CurrentDomainAssemblyResolve(Object sender, AssemblyResolveEventArgs args) in /_/src/Microsoft.TestPlatform.Common/ExtensionFramework/TestPluginCache.cs:line 513
   at System.Runtime.Loader.AssemblyLoadContext.GetFirstResolvedAssemblyFromResolvingEvent(AssemblyName assemblyName)
   at System.Runtime.Loader.AssemblyLoadContext.ResolveUsingEvent(AssemblyName assemblyName)
   at System.Runtime.Loader.AssemblyLoadContext.ResolveUsingResolvingEvent(IntPtr gchManagedAssemblyLoadContext, AssemblyName assemblyName)
TpTrace Warning: 0 : 4260, 1, 2023/09/19, 16:56:04.843, 4468787200510, vstest.console.dll, LoaderExceptions: System.IO.FileNotFoundException: Could not load file or assembly 'Microsoft.Bcl.AsyncInterfaces, Version=1.0.0.0, Culture=neutral, PublicKeyToken=cc7b13ffcd2ddd51'. The system cannot find the file specified.
File name: 'Microsoft.Bcl.AsyncInterfaces, Version=1.0.0.0, Culture=neutral, PublicKeyToken=cc7b13ffcd2ddd51'
 ---> System.IO.FileNotFoundException: Could not load file or assembly 'Microsoft.Bcl.AsyncInterfaces, Culture=neutral, PublicKeyToken=null'. The system cannot find the file specified.
File name: 'Microsoft.Bcl.AsyncInterfaces, Culture=neutral, PublicKeyToken=null'
   at System.Reflection.RuntimeAssembly.InternalLoad(AssemblyName assemblyName, StackCrawlMark& stackMark, AssemblyLoadContext assemblyLoadContext, RuntimeAssembly requestingAssembly, Boolean throwOnFileNotFound)
   at System.Reflection.Assembly.Load(AssemblyName assemblyRef)
   at Microsoft.VisualStudio.TestPlatform.Common.ExtensionFramework.TestPluginCache.CurrentDomainAssemblyResolve(Object sender, AssemblyResolveEventArgs args) in /_/src/Microsoft.TestPlatform.Common/ExtensionFramework/TestPluginCache.cs:line 513
   at System.Runtime.Loader.AssemblyLoadContext.GetFirstResolvedAssemblyFromResolvingEvent(AssemblyName assemblyName)
   at System.Runtime.Loader.AssemblyLoadContext.ResolveUsingEvent(AssemblyName assemblyName)
   at System.Runtime.Loader.AssemblyLoadContext.ResolveUsingResolvingEvent(IntPtr gchManagedAssemblyLoadContext, AssemblyName assemblyName)
TpTrace Information: 0 : 4260, 1, 2023/09/19, 16:56:04.843, 4468787202270, vstest.console.dll, AssemblyResolver.OnResolve: Microsoft.TestPlatform.Extensions.BlameDataCollector: Resolving assembly.
TpTrace Information: 0 : 4260, 1, 2023/09/19, 16:56:04.843, 4468787202796, vstest.console.dll, AssemblyResolver.OnResolve: Microsoft.TestPlatform.Extensions.BlameDataCollector: Searching in: 'C:\Program Files\dotnet\sdk\7.0.401\Extensions'.
TpTrace Information: 0 : 4260, 1, 2023/09/19, 16:56:04.844, 4468787210600, vstest.console.dll, AssemblyResolver.OnResolve: Microsoft.TestPlatform.Extensions.BlameDataCollector: Loading assembly 'C:\Program Files\dotnet\sdk\7.0.401\Extensions\Microsoft.TestPlatform.Extensions.BlameDataCollector.dll'.
TpTrace Information: 0 : 4260, 1, 2023/09/19, 16:56:04.845, 4468787218373, vstest.console.dll, AssemblyResolver.OnResolve: Resolved assembly: Microsoft.TestPlatform.Extensions.BlameDataCollector, from path: C:\Program Files\dotnet\sdk\7.0.401\Extensions\Microsoft.TestPlatform.Extensions.BlameDataCollector.dll
TpTrace Verbose: 0 : 4260, 1, 2023/09/19, 16:56:04.845, 4468787221099, vstest.console.dll, MetadataReaderExtensionsHelper: Discovering extensions inside assembly 'Microsoft.TestPlatform.Extensions.BlameDataCollector, Version=15.0.0.0, Culture=neutral, PublicKeyToken=b03f5f7f11d50a3a' file path 'C:\Program Files\dotnet\sdk\7.0.401\Extensions\Microsoft.TestPlatform.Extensions.BlameDataCollector.dll'
TpTrace Information: 0 : 4260, 1, 2023/09/19, 16:56:04.847, 4468787242582, vstest.console.dll, AssemblyResolver.OnResolve: Microsoft.TestPlatform.Extensions.EventLogCollector: Resolving assembly.
TpTrace Information: 0 : 4260, 1, 2023/09/19, 16:56:04.847, 4468787243669, vstest.console.dll, AssemblyResolver.OnResolve: Microsoft.TestPlatform.Extensions.EventLogCollector: Searching in: 'C:\Program Files\dotnet\sdk\7.0.401\Extensions'.
TpTrace Information: 0 : 4260, 1, 2023/09/19, 16:56:04.848, 4468787250699, vstest.console.dll, AssemblyResolver.OnResolve: Microsoft.TestPlatform.Extensions.EventLogCollector: Loading assembly 'C:\Program Files\dotnet\sdk\7.0.401\Extensions\Microsoft.TestPlatform.Extensions.EventLogCollector.dll'.
TpTrace Information: 0 : 4260, 1, 2023/09/19, 16:56:04.849, 4468787256624, vstest.console.dll, AssemblyResolver.OnResolve: Resolved assembly: Microsoft.TestPlatform.Extensions.EventLogCollector, from path: C:\Program Files\dotnet\sdk\7.0.401\Extensions\Microsoft.TestPlatform.Extensions.EventLogCollector.dll
TpTrace Verbose: 0 : 4260, 1, 2023/09/19, 16:56:04.849, 4468787257666, vstest.console.dll, MetadataReaderExtensionsHelper: Discovering extensions inside assembly 'Microsoft.TestPlatform.Extensions.EventLogCollector, Version=15.0.0.0, Culture=neutral, PublicKeyToken=b03f5f7f11d50a3a' file path 'C:\Program Files\dotnet\sdk\7.0.401\Extensions\Microsoft.TestPlatform.Extensions.EventLogCollector.dll'
TpTrace Information: 0 : 4260, 1, 2023/09/19, 16:56:04.852, 4468787286745, vstest.console.dll, AssemblyResolver.OnResolve: Microsoft.TestPlatform.TestHostRuntimeProvider: Resolving assembly.
TpTrace Information: 0 : 4260, 1, 2023/09/19, 16:56:04.852, 4468787287664, vstest.console.dll, AssemblyResolver.OnResolve: Microsoft.TestPlatform.TestHostRuntimeProvider: Searching in: 'C:\Program Files\dotnet\sdk\7.0.401\Extensions'.
TpTrace Information: 0 : 4260, 1, 2023/09/19, 16:56:04.852, 4468787293501, vstest.console.dll, AssemblyResolver.OnResolve: Microsoft.TestPlatform.TestHostRuntimeProvider: Loading assembly 'C:\Program Files\dotnet\sdk\7.0.401\Extensions\Microsoft.TestPlatform.TestHostRuntimeProvider.dll'.
TpTrace Information: 0 : 4260, 1, 2023/09/19, 16:56:04.853, 4468787301883, vstest.console.dll, AssemblyResolver.OnResolve: Resolved assembly: Microsoft.TestPlatform.TestHostRuntimeProvider, from path: C:\Program Files\dotnet\sdk\7.0.401\Extensions\Microsoft.TestPlatform.TestHostRuntimeProvider.dll
TpTrace Verbose: 0 : 4260, 1, 2023/09/19, 16:56:04.853, 4468787303273, vstest.console.dll, MetadataReaderExtensionsHelper: Discovering extensions inside assembly 'Microsoft.TestPlatform.TestHostRuntimeProvider, Version=15.0.0.0, Culture=neutral, PublicKeyToken=b03f5f7f11d50a3a' file path 'C:\Program Files\dotnet\sdk\7.0.401\Extensions\Microsoft.TestPlatform.TestHostRuntimeProvider.dll'
TpTrace Information: 0 : 4260, 1, 2023/09/19, 16:56:04.856, 4468787331484, vstest.console.dll, GetTestExtensionFromType: Register extension with identifier data 'HostProvider://DefaultTestHost' and type 'Microsoft.VisualStudio.TestPlatform.CrossPlatEngine.Hosting.DefaultTestHostManager, Microsoft.TestPlatform.TestHostRuntimeProvider, Version=15.0.0.0, Culture=neutral, PublicKeyToken=b03f5f7f11d50a3a' inside file 'C:\Program Files\dotnet\sdk\7.0.401\Extensions\Microsoft.TestPlatform.TestHostRuntimeProvider.dll'
TpTrace Information: 0 : 4260, 1, 2023/09/19, 16:56:04.856, 4468787335168, vstest.console.dll, GetTestExtensionFromType: Register extension with identifier data 'HostProvider://DotnetTestHost' and type 'Microsoft.VisualStudio.TestPlatform.CrossPlatEngine.Hosting.DotnetTestHostManager, Microsoft.TestPlatform.TestHostRuntimeProvider, Version=15.0.0.0, Culture=neutral, PublicKeyToken=b03f5f7f11d50a3a' inside file 'C:\Program Files\dotnet\sdk\7.0.401\Extensions\Microsoft.TestPlatform.TestHostRuntimeProvider.dll'
TpTrace Information: 0 : 4260, 1, 2023/09/19, 16:56:04.857, 4468787337294, vstest.console.dll, AssemblyResolver.OnResolve: Microsoft.VisualStudio.TestPlatform.Extensions.Html.TestLogger: Resolving assembly.
TpTrace Information: 0 : 4260, 1, 2023/09/19, 16:56:04.857, 4468787338911, vstest.console.dll, AssemblyResolver.OnResolve: Microsoft.VisualStudio.TestPlatform.Extensions.Html.TestLogger: Searching in: 'C:\Program Files\dotnet\sdk\7.0.401\Extensions'.
TpTrace Information: 0 : 4260, 1, 2023/09/19, 16:56:04.858, 4468787346790, vstest.console.dll, AssemblyResolver.OnResolve: Microsoft.VisualStudio.TestPlatform.Extensions.Html.TestLogger: Loading assembly 'C:\Program Files\dotnet\sdk\7.0.401\Extensions\Microsoft.VisualStudio.TestPlatform.Extensions.Html.TestLogger.dll'.
TpTrace Information: 0 : 4260, 1, 2023/09/19, 16:56:04.859, 4468787356710, vstest.console.dll, AssemblyResolver.OnResolve: Resolved assembly: Microsoft.VisualStudio.TestPlatform.Extensions.Html.TestLogger, from path: C:\Program Files\dotnet\sdk\7.0.401\Extensions\Microsoft.VisualStudio.TestPlatform.Extensions.Html.TestLogger.dll
TpTrace Verbose: 0 : 4260, 1, 2023/09/19, 16:56:04.859, 4468787357767, vstest.console.dll, MetadataReaderExtensionsHelper: Discovering extensions inside assembly 'Microsoft.VisualStudio.TestPlatform.Extensions.Html.TestLogger, Version=15.0.0.0, Culture=neutral, PublicKeyToken=b03f5f7f11d50a3a' file path 'C:\Program Files\dotnet\sdk\7.0.401\Extensions\Microsoft.VisualStudio.TestPlatform.Extensions.Html.TestLogger.dll'
TpTrace Information: 0 : 4260, 1, 2023/09/19, 16:56:04.860, 4468787368896, vstest.console.dll, AssemblyResolver.OnResolve: Microsoft.VisualStudio.TestPlatform.Extensions.Trx.TestLogger: Resolving assembly.
TpTrace Information: 0 : 4260, 1, 2023/09/19, 16:56:04.860, 4468787369749, vstest.console.dll, AssemblyResolver.OnResolve: Microsoft.VisualStudio.TestPlatform.Extensions.Trx.TestLogger: Searching in: 'C:\Program Files\dotnet\sdk\7.0.401\Extensions'.
TpTrace Information: 0 : 4260, 1, 2023/09/19, 16:56:04.860, 4468787375412, vstest.console.dll, AssemblyResolver.OnResolve: Microsoft.VisualStudio.TestPlatform.Extensions.Trx.TestLogger: Loading assembly 'C:\Program Files\dotnet\sdk\7.0.401\Extensions\Microsoft.VisualStudio.TestPlatform.Extensions.Trx.TestLogger.dll'.
TpTrace Information: 0 : 4260, 1, 2023/09/19, 16:56:04.861, 4468787385157, vstest.console.dll, AssemblyResolver.OnResolve: Resolved assembly: Microsoft.VisualStudio.TestPlatform.Extensions.Trx.TestLogger, from path: C:\Program Files\dotnet\sdk\7.0.401\Extensions\Microsoft.VisualStudio.TestPlatform.Extensions.Trx.TestLogger.dll
TpTrace Verbose: 0 : 4260, 1, 2023/09/19, 16:56:04.862, 4468787386517, vstest.console.dll, MetadataReaderExtensionsHelper: Discovering extensions inside assembly 'Microsoft.VisualStudio.TestPlatform.Extensions.Trx.TestLogger, Version=15.0.0.0, Culture=neutral, PublicKeyToken=b03f5f7f11d50a3a' file path 'C:\Program Files\dotnet\sdk\7.0.401\Extensions\Microsoft.VisualStudio.TestPlatform.Extensions.Trx.TestLogger.dll'
TpTrace Verbose: 0 : 4260, 1, 2023/09/19, 16:56:04.863, 4468787402173, vstest.console.dll, TestPluginCache: Discovered the extensions using extension path ''.
TpTrace Verbose: 0 : 4260, 1, 2023/09/19, 16:56:04.863, 4468787403196, vstest.console.dll, TestPluginCache: Discoverers are ''.
TpTrace Verbose: 0 : 4260, 1, 2023/09/19, 16:56:04.863, 4468787403699, vstest.console.dll, TestPluginCache: Executors are ''.
TpTrace Verbose: 0 : 4260, 1, 2023/09/19, 16:56:04.863, 4468787404079, vstest.console.dll, TestPluginCache: Executors2 are ''.
TpTrace Verbose: 0 : 4260, 1, 2023/09/19, 16:56:04.863, 4468787404400, vstest.console.dll, TestPluginCache: Setting providers are ''.
TpTrace Verbose: 0 : 4260, 1, 2023/09/19, 16:56:04.863, 4468787404713, vstest.console.dll, TestPluginCache: Loggers are ''.
TpTrace Verbose: 0 : 4260, 1, 2023/09/19, 16:56:04.863, 4468787406183, vstest.console.dll, TestPluginCache: TestHosts are 'HostProvider://DefaultTestHost,HostProvider://DotnetTestHost'.
TpTrace Verbose: 0 : 4260, 1, 2023/09/19, 16:56:04.864, 4468787406644, vstest.console.dll, TestPluginCache: DataCollectors are ''.
TpTrace Information: 0 : 4260, 1, 2023/09/19, 16:56:04.878, 4468787554050, vstest.console.dll, RunTestsArgumentProcessor:Execute: Test run is starting.
TpTrace Verbose: 0 : 4260, 1, 2023/09/19, 16:56:04.878, 4468787555253, vstest.console.dll, RunTestsArgumentProcessor:Execute: Queuing Test run.
TpTrace Information: 0 : 4260, 1, 2023/09/19, 16:56:04.879, 4468787559169, vstest.console.dll, TestRequestManager.RunTests: run tests started.
TpTrace Information: 0 : 4260, 1, 2023/09/19, 16:56:04.880, 4468787575715, vstest.console.dll, AssemblyMetadataProvider.GetFrameworkName: Determined framework:'.NETCoreApp,Version=v7.0' for source: 'C:\Users\jason\source\repos\MoneyMeans.Zoo\MoneyMeans.Zoo.Test\bin\Debug\net7.0\fine-code-coverage\build-output\MoneyMeans.Zoo.Test.dll'
TpTrace Information: 0 : 4260, 1, 2023/09/19, 16:56:04.881, 4468787577990, vstest.console.dll, Determined framework for all sources: .NETCoreApp,Version=v7.0
TpTrace Verbose: 0 : 4260, 1, 2023/09/19, 16:56:04.881, 4468787583485, vstest.console.dll, TestRequestManager.UpdateRunSettingsIfRequired: Default architecture: X64 IsDefaultTargetArchitecture: True, Current process architecture: X64 OperatingSystem: Windows.
TpTrace Information: 0 : 4260, 1, 2023/09/19, 16:56:04.883, 4468787603865, vstest.console.dll, AssemblyMetadataProvider.GetArchitecture: Determined architecture:AnyCPU info for assembly: C:\Users\jason\source\repos\MoneyMeans.Zoo\MoneyMeans.Zoo.Test\bin\Debug\net7.0\fine-code-coverage\build-output\MoneyMeans.Zoo.Test.dll
TpTrace Information: 0 : 4260, 1, 2023/09/19, 16:56:04.883, 4468787604859, vstest.console.dll, Determined platform for source 'C:\Users\jason\source\repos\MoneyMeans.Zoo\MoneyMeans.Zoo.Test\bin\Debug\net7.0\fine-code-coverage\build-output\MoneyMeans.Zoo.Test.dll' was AnyCPU and it will use the default plaform X64.
TpTrace Information: 0 : 4260, 1, 2023/09/19, 16:56:04.883, 4468787605237, vstest.console.dll, None of the sources provided any runnable platform, using the default platform: X64
TpTrace Information: 0 : 4260, 1, 2023/09/19, 16:56:04.883, 4468787606274, vstest.console.dll, Platform was updated to 'X64'.
TpTrace Information: 0 : 4260, 1, 2023/09/19, 16:56:04.888, 4468787651273, vstest.console.dll, InferRunSettingsHelper.IsTestSettingsEnabled: Unable to navigate to RunSettings/MSTest. Current node: RunSettings
TpTrace Information: 0 : 4260, 1, 2023/09/19, 16:56:04.889, 4468787659215, vstest.console.dll, AssemblyResolver.OnResolve: Microsoft.VisualStudio.TestPlatform.Fakes: Resolving assembly.
TpTrace Information: 0 : 4260, 1, 2023/09/19, 16:56:04.889, 4468787659979, vstest.console.dll, AssemblyResolver.OnResolve: Microsoft.VisualStudio.TestPlatform.Fakes: Searching in: 'C:\Program Files\dotnet\sdk\7.0.401\Extensions'.
TpTrace Information: 0 : 4260, 1, 2023/09/19, 16:56:04.889, 4468787661192, vstest.console.dll, AssemblyResolver.OnResolve: Microsoft.VisualStudio.TestPlatform.Fakes: Assembly path does not exist: 'C:\Program Files\dotnet\sdk\7.0.401\Extensions\Microsoft.VisualStudio.TestPlatform.Fakes.dll', returning.
TpTrace Information: 0 : 4260, 1, 2023/09/19, 16:56:04.889, 4468787661955, vstest.console.dll, AssemblyResolver.OnResolve: Microsoft.VisualStudio.TestPlatform.Fakes: Assembly path does not exist: 'C:\Program Files\dotnet\sdk\7.0.401\Extensions\Microsoft.VisualStudio.TestPlatform.Fakes.exe', returning.
TpTrace Information: 0 : 4260, 1, 2023/09/19, 16:56:04.889, 4468787662336, vstest.console.dll, AssemblyResolver.OnResolve: Microsoft.VisualStudio.TestPlatform.Fakes: Searching in: 'C:\Program Files\dotnet\sdk\7.0.401'.
TpTrace Information: 0 : 4260, 1, 2023/09/19, 16:56:04.889, 4468787663124, vstest.console.dll, AssemblyResolver.OnResolve: Microsoft.VisualStudio.TestPlatform.Fakes: Assembly path does not exist: 'C:\Program Files\dotnet\sdk\7.0.401\Microsoft.VisualStudio.TestPlatform.Fakes.dll', returning.
TpTrace Information: 0 : 4260, 1, 2023/09/19, 16:56:04.889, 4468787665648, vstest.console.dll, AssemblyResolver.OnResolve: Microsoft.VisualStudio.TestPlatform.Fakes: Assembly path does not exist: 'C:\Program Files\dotnet\sdk\7.0.401\Microsoft.VisualStudio.TestPlatform.Fakes.exe', returning.
TpTrace Information: 0 : 4260, 1, 2023/09/19, 16:56:04.889, 4468787666355, vstest.console.dll, AssemblyResolver.OnResolve: Microsoft.VisualStudio.TestPlatform.Fakes: Failed to load assembly.
TpTrace Information: 0 : 4260, 1, 2023/09/19, 16:56:04.890, 4468787669294, vstest.console.dll, Failed to load assembly Microsoft.VisualStudio.TestPlatform.Fakes, Version=17.0.0.0, Culture=neutral. Reason:System.IO.FileNotFoundException: Could not load file or assembly 'Microsoft.VisualStudio.TestPlatform.Fakes, Version=17.0.0.0, Culture=neutral, PublicKeyToken=null'. The system cannot find the file specified.
File name: 'Microsoft.VisualStudio.TestPlatform.Fakes, Version=17.0.0.0, Culture=neutral, PublicKeyToken=null'
   at System.Reflection.RuntimeAssembly.InternalLoad(AssemblyName assemblyName, StackCrawlMark& stackMark, AssemblyLoadContext assemblyLoadContext, RuntimeAssembly requestingAssembly, Boolean throwOnFileNotFound)
   at System.Reflection.Assembly.Load(AssemblyName assemblyRef)
   at Microsoft.VisualStudio.TestPlatform.Common.Utilities.FakesUtilities.LoadTestPlatformAssembly() in /_/src/Microsoft.TestPlatform.Common/Utilities/FakesUtilities.cs:line 272
TpTrace Verbose: 0 : 4260, 1, 2023/09/19, 16:56:04.894, 4468787714665, vstest.console.dll, TestPluginCache.DiscoverTestExtensions: finding test extensions in assemblies ends with: TestLogger.dll TPluginInfo: Microsoft.VisualStudio.TestPlatform.Common.ExtensionFramework.Utilities.TestLoggerPluginInformation TExtension: Microsoft.VisualStudio.TestPlatform.ObjectModel.Client.ITestLogger
TpTrace Verbose: 0 : 4260, 1, 2023/09/19, 16:56:04.895, 4468787717067, vstest.console.dll, TestPluginCache.GetExtensionPaths: Filtered extension paths: 
TpTrace Verbose: 0 : 4260, 1, 2023/09/19, 16:56:04.895, 4468787717834, vstest.console.dll, TestPluginCache.GetExtensionPaths: Added default extension paths: C:\Program Files\dotnet\sdk\7.0.401\Extensions\Microsoft.Diagnostics.NETCore.Client.dll
C:\Program Files\dotnet\sdk\7.0.401\Extensions\Microsoft.TestPlatform.Extensions.BlameDataCollector.dll
C:\Program Files\dotnet\sdk\7.0.401\Extensions\Microsoft.TestPlatform.Extensions.EventLogCollector.dll
C:\Program Files\dotnet\sdk\7.0.401\Extensions\Microsoft.TestPlatform.TestHostRuntimeProvider.dll
C:\Program Files\dotnet\sdk\7.0.401\Extensions\Microsoft.VisualStudio.TestPlatform.Extensions.Html.TestLogger.dll
C:\Program Files\dotnet\sdk\7.0.401\Extensions\Microsoft.VisualStudio.TestPlatform.Extensions.Trx.TestLogger.dll
TpTrace Verbose: 0 : 4260, 1, 2023/09/19, 16:56:04.895, 4468787718250, vstest.console.dll, TestPluginCache.GetExtensionPaths: Added unfilterableExtensionPaths: 
TpTrace Information: 0 : 4260, 1, 2023/09/19, 16:56:04.895, 4468787719837, vstest.console.dll, AssemblyResolver.AddSearchDirectories: Adding more searchDirectories C:\Program Files\dotnet\sdk\7.0.401\Extensions,C:\Program Files\dotnet\sdk\7.0.401
TpTrace Verbose: 0 : 4260, 1, 2023/09/19, 16:56:04.895, 4468787720377, vstest.console.dll, TestPluginCache.DiscoverTestExtensions: Discovering the extensions using extension path.
TpTrace Verbose: 0 : 4260, 1, 2023/09/19, 16:56:04.895, 4468787720784, vstest.console.dll, TestPluginCache.GetExtensionPaths: Filtered extension paths: 
TpTrace Verbose: 0 : 4260, 1, 2023/09/19, 16:56:04.895, 4468787721179, vstest.console.dll, TestPluginCache.GetExtensionPaths: Added default extension paths: C:\Program Files\dotnet\sdk\7.0.401\Extensions\Microsoft.Diagnostics.NETCore.Client.dll
C:\Program Files\dotnet\sdk\7.0.401\Extensions\Microsoft.TestPlatform.Extensions.BlameDataCollector.dll
C:\Program Files\dotnet\sdk\7.0.401\Extensions\Microsoft.TestPlatform.Extensions.EventLogCollector.dll
C:\Program Files\dotnet\sdk\7.0.401\Extensions\Microsoft.TestPlatform.TestHostRuntimeProvider.dll
C:\Program Files\dotnet\sdk\7.0.401\Extensions\Microsoft.VisualStudio.TestPlatform.Extensions.Html.TestLogger.dll
C:\Program Files\dotnet\sdk\7.0.401\Extensions\Microsoft.VisualStudio.TestPlatform.Extensions.Trx.TestLogger.dll
TpTrace Verbose: 0 : 4260, 1, 2023/09/19, 16:56:04.895, 4468787721545, vstest.console.dll, TestPluginCache.GetExtensionPaths: Added unfilterableExtensionPaths: 
TpTrace Verbose: 0 : 4260, 1, 2023/09/19, 16:56:04.895, 4468787722013, vstest.console.dll, TestPluginCache.DiscoverTestExtensions: Discovering the extensions using allExtensionPaths: C:\Program Files\dotnet\sdk\7.0.401\Extensions\Microsoft.Diagnostics.NETCore.Client.dll
C:\Program Files\dotnet\sdk\7.0.401\Extensions\Microsoft.TestPlatform.Extensions.BlameDataCollector.dll
C:\Program Files\dotnet\sdk\7.0.401\Extensions\Microsoft.TestPlatform.Extensions.EventLogCollector.dll
C:\Program Files\dotnet\sdk\7.0.401\Extensions\Microsoft.TestPlatform.TestHostRuntimeProvider.dll
C:\Program Files\dotnet\sdk\7.0.401\Extensions\Microsoft.VisualStudio.TestPlatform.Extensions.Html.TestLogger.dll
C:\Program Files\dotnet\sdk\7.0.401\Extensions\Microsoft.VisualStudio.TestPlatform.Extensions.Trx.TestLogger.dll
TpTrace Information: 0 : 4260, 1, 2023/09/19, 16:56:04.895, 4468787723056, vstest.console.dll, AssemblyResolver.AddSearchDirectories: Adding more searchDirectories C:\Program Files\dotnet\sdk\7.0.401\Extensions,C:\Program Files\dotnet\sdk\7.0.401
TpTrace Information: 0 : 4260, 1, 2023/09/19, 16:56:04.895, 4468787723704, vstest.console.dll, AssemblyResolver.AddSearchDirectories: Adding more searchDirectories C:\Program Files\dotnet\sdk\7.0.401\Extensions,C:\Program Files\dotnet\sdk\7.0.401
TpTrace Information: 0 : 4260, 1, 2023/09/19, 16:56:04.895, 4468787724125, vstest.console.dll, AssemblyResolver.AddSearchDirectories: Adding more searchDirectories C:\Program Files\dotnet\sdk\7.0.401\Extensions,C:\Program Files\dotnet\sdk\7.0.401
TpTrace Information: 0 : 4260, 1, 2023/09/19, 16:56:04.895, 4468787724496, vstest.console.dll, AssemblyResolver.AddSearchDirectories: Adding more searchDirectories C:\Program Files\dotnet\sdk\7.0.401\Extensions,C:\Program Files\dotnet\sdk\7.0.401
TpTrace Information: 0 : 4260, 1, 2023/09/19, 16:56:04.895, 4468787724917, vstest.console.dll, AssemblyResolver.AddSearchDirectories: Adding more searchDirectories C:\Program Files\dotnet\sdk\7.0.401\Extensions,C:\Program Files\dotnet\sdk\7.0.401
TpTrace Information: 0 : 4260, 1, 2023/09/19, 16:56:04.895, 4468787725292, vstest.console.dll, AssemblyResolver.AddSearchDirectories: Adding more searchDirectories C:\Program Files\dotnet\sdk\7.0.401\Extensions,C:\Program Files\dotnet\sdk\7.0.401
TpTrace Verbose: 0 : 4260, 1, 2023/09/19, 16:56:04.896, 4468787726545, vstest.console.dll, MetadataReaderExtensionsHelper: Discovering extensions inside assembly 'Microsoft.Diagnostics.NETCore.Client, Version=0.2.8.21101, Culture=neutral, PublicKeyToken=31bf3856ad364e35' file path 'C:\Program Files\dotnet\sdk\7.0.401\Extensions\Microsoft.Diagnostics.NETCore.Client.dll'
TpTrace Information: 0 : 4260, 1, 2023/09/19, 16:56:04.897, 4468787738059, vstest.console.dll, AssemblyResolver.OnResolve: Microsoft.Bcl.AsyncInterfaces: Resolving assembly.
TpTrace Information: 0 : 4260, 1, 2023/09/19, 16:56:04.897, 4468787739177, vstest.console.dll, AssemblyResolver.OnResolve: Microsoft.Bcl.AsyncInterfaces: Resolved from cache.
TpTrace Verbose: 0 : 4260, 1, 2023/09/19, 16:56:04.897, 4468787739664, vstest.console.dll, CurrentDomainAssemblyResolve: Resolving assembly 'Microsoft.Bcl.AsyncInterfaces'.
TpTrace Information: 0 : 4260, 1, 2023/09/19, 16:56:04.897, 4468787740260, vstest.console.dll, AssemblyResolver.OnResolve: Microsoft.Bcl.AsyncInterfaces: Resolving assembly.
TpTrace Information: 0 : 4260, 1, 2023/09/19, 16:56:04.897, 4468787740638, vstest.console.dll, AssemblyResolver.OnResolve: Microsoft.Bcl.AsyncInterfaces: Resolved from cache.
TpTrace Verbose: 0 : 4260, 1, 2023/09/19, 16:56:04.897, 4468787740971, vstest.console.dll, CurrentDomainAssemblyResolve: Resolving assembly 'Microsoft.Bcl.AsyncInterfaces'.
TpTrace Verbose: 0 : 4260, 1, 2023/09/19, 16:56:04.897, 4468787741304, vstest.console.dll, CurrentDomainAssemblyResolve: Failed to resolve assembly 'Microsoft.Bcl.AsyncInterfaces'.
TpTrace Verbose: 0 : 4260, 1, 2023/09/19, 16:56:04.897, 4468787742991, vstest.console.dll, CurrentDomainAssemblyResolve: Failed to resolve assembly 'Microsoft.Bcl.AsyncInterfaces'.
TpTrace Warning: 0 : 4260, 1, 2023/09/19, 16:56:04.898, 4468787747134, vstest.console.dll, TestPluginDiscoverer: Failed to get types from assembly 'Microsoft.Diagnostics.NETCore.Client, Version=0.2.8.21101, Culture=neutral, PublicKeyToken=31bf3856ad364e35'. Error: System.Reflection.ReflectionTypeLoadException: Unable to load one or more of the requested types.
Could not load file or assembly 'Microsoft.Bcl.AsyncInterfaces, Version=1.0.0.0, Culture=neutral, PublicKeyToken=cc7b13ffcd2ddd51'. The system cannot find the file specified.
   at System.Reflection.RuntimeModule.GetTypes(RuntimeModule module)
   at System.Reflection.Assembly.GetTypes()
   at Microsoft.VisualStudio.TestPlatform.Common.ExtensionFramework.TestPluginDiscoverer.GetTestExtensionsFromAssembly[TPluginInfo,TExtension](Assembly assembly, Dictionary`2 pluginInfos, String filePath) in /_/src/Microsoft.TestPlatform.Common/ExtensionFramework/TestPluginDiscoverer.cs:line 158
System.IO.FileNotFoundException: Could not load file or assembly 'Microsoft.Bcl.AsyncInterfaces, Version=1.0.0.0, Culture=neutral, PublicKeyToken=cc7b13ffcd2ddd51'. The system cannot find the file specified.
File name: 'Microsoft.Bcl.AsyncInterfaces, Version=1.0.0.0, Culture=neutral, PublicKeyToken=cc7b13ffcd2ddd51'
 ---> System.IO.FileNotFoundException: Could not load file or assembly 'Microsoft.Bcl.AsyncInterfaces, Culture=neutral, PublicKeyToken=null'. The system cannot find the file specified.
File name: 'Microsoft.Bcl.AsyncInterfaces, Culture=neutral, PublicKeyToken=null'
   at System.Reflection.RuntimeAssembly.InternalLoad(AssemblyName assemblyName, StackCrawlMark& stackMark, AssemblyLoadContext assemblyLoadContext, RuntimeAssembly requestingAssembly, Boolean throwOnFileNotFound)
   at System.Reflection.Assembly.Load(AssemblyName assemblyRef)
   at Microsoft.VisualStudio.TestPlatform.Common.ExtensionFramework.TestPluginCache.CurrentDomainAssemblyResolve(Object sender, AssemblyResolveEventArgs args) in /_/src/Microsoft.TestPlatform.Common/ExtensionFramework/TestPluginCache.cs:line 513
   at System.Runtime.Loader.AssemblyLoadContext.GetFirstResolvedAssemblyFromResolvingEvent(AssemblyName assemblyName)
   at System.Runtime.Loader.AssemblyLoadContext.ResolveUsingEvent(AssemblyName assemblyName)
   at System.Runtime.Loader.AssemblyLoadContext.ResolveUsingResolvingEvent(IntPtr gchManagedAssemblyLoadContext, AssemblyName assemblyName)
TpTrace Warning: 0 : 4260, 1, 2023/09/19, 16:56:04.898, 4468787749600, vstest.console.dll, LoaderExceptions: System.IO.FileNotFoundException: Could not load file or assembly 'Microsoft.Bcl.AsyncInterfaces, Version=1.0.0.0, Culture=neutral, PublicKeyToken=cc7b13ffcd2ddd51'. The system cannot find the file specified.
File name: 'Microsoft.Bcl.AsyncInterfaces, Version=1.0.0.0, Culture=neutral, PublicKeyToken=cc7b13ffcd2ddd51'
 ---> System.IO.FileNotFoundException: Could not load file or assembly 'Microsoft.Bcl.AsyncInterfaces, Culture=neutral, PublicKeyToken=null'. The system cannot find the file specified.
File name: 'Microsoft.Bcl.AsyncInterfaces, Culture=neutral, PublicKeyToken=null'
   at System.Reflection.RuntimeAssembly.InternalLoad(AssemblyName assemblyName, StackCrawlMark& stackMark, AssemblyLoadContext assemblyLoadContext, RuntimeAssembly requestingAssembly, Boolean throwOnFileNotFound)
   at System.Reflection.Assembly.Load(AssemblyName assemblyRef)
   at Microsoft.VisualStudio.TestPlatform.Common.ExtensionFramework.TestPluginCache.CurrentDomainAssemblyResolve(Object sender, AssemblyResolveEventArgs args) in /_/src/Microsoft.TestPlatform.Common/ExtensionFramework/TestPluginCache.cs:line 513
   at System.Runtime.Loader.AssemblyLoadContext.GetFirstResolvedAssemblyFromResolvingEvent(AssemblyName assemblyName)
   at System.Runtime.Loader.AssemblyLoadContext.ResolveUsingEvent(AssemblyName assemblyName)
   at System.Runtime.Loader.AssemblyLoadContext.ResolveUsingResolvingEvent(IntPtr gchManagedAssemblyLoadContext, AssemblyName assemblyName)
TpTrace Verbose: 0 : 4260, 1, 2023/09/19, 16:56:04.898, 4468787750630, vstest.console.dll, MetadataReaderExtensionsHelper: Discovering extensions inside assembly 'Microsoft.TestPlatform.Extensions.BlameDataCollector, Version=15.0.0.0, Culture=neutral, PublicKeyToken=b03f5f7f11d50a3a' file path 'C:\Program Files\dotnet\sdk\7.0.401\Extensions\Microsoft.TestPlatform.Extensions.BlameDataCollector.dll'
TpTrace Information: 0 : 4260, 1, 2023/09/19, 16:56:04.899, 4468787761545, vstest.console.dll, GetTestExtensionFromType: Register extension with identifier data 'logger://Microsoft/TestPlatform/Extensions/Blame/v1' and type 'Microsoft.TestPlatform.Extensions.BlameDataCollector.BlameLogger, Microsoft.TestPlatform.Extensions.BlameDataCollector, Version=15.0.0.0, Culture=neutral, PublicKeyToken=b03f5f7f11d50a3a' inside file 'C:\Program Files\dotnet\sdk\7.0.401\Extensions\Microsoft.TestPlatform.Extensions.BlameDataCollector.dll'
TpTrace Verbose: 0 : 4260, 1, 2023/09/19, 16:56:04.899, 4468787762444, vstest.console.dll, MetadataReaderExtensionsHelper: Discovering extensions inside assembly 'Microsoft.TestPlatform.Extensions.EventLogCollector, Version=15.0.0.0, Culture=neutral, PublicKeyToken=b03f5f7f11d50a3a' file path 'C:\Program Files\dotnet\sdk\7.0.401\Extensions\Microsoft.TestPlatform.Extensions.EventLogCollector.dll'
TpTrace Verbose: 0 : 4260, 1, 2023/09/19, 16:56:04.900, 4468787770294, vstest.console.dll, MetadataReaderExtensionsHelper: Discovering extensions inside assembly 'Microsoft.TestPlatform.TestHostRuntimeProvider, Version=15.0.0.0, Culture=neutral, PublicKeyToken=b03f5f7f11d50a3a' file path 'C:\Program Files\dotnet\sdk\7.0.401\Extensions\Microsoft.TestPlatform.TestHostRuntimeProvider.dll'
TpTrace Verbose: 0 : 4260, 1, 2023/09/19, 16:56:04.901, 4468787778957, vstest.console.dll, MetadataReaderExtensionsHelper: Discovering extensions inside assembly 'Microsoft.VisualStudio.TestPlatform.Extensions.Html.TestLogger, Version=15.0.0.0, Culture=neutral, PublicKeyToken=b03f5f7f11d50a3a' file path 'C:\Program Files\dotnet\sdk\7.0.401\Extensions\Microsoft.VisualStudio.TestPlatform.Extensions.Html.TestLogger.dll'
TpTrace Information: 0 : 4260, 1, 2023/09/19, 16:56:04.902, 4468787790102, vstest.console.dll, GetTestExtensionFromType: Register extension with identifier data 'logger://Microsoft/TestPlatform/HtmlLogger/v1' and type 'Microsoft.VisualStudio.TestPlatform.Extensions.HtmlLogger.HtmlLogger, Microsoft.VisualStudio.TestPlatform.Extensions.Html.TestLogger, Version=15.0.0.0, Culture=neutral, PublicKeyToken=b03f5f7f11d50a3a' inside file 'C:\Program Files\dotnet\sdk\7.0.401\Extensions\Microsoft.VisualStudio.TestPlatform.Extensions.Html.TestLogger.dll'
TpTrace Verbose: 0 : 4260, 1, 2023/09/19, 16:56:04.902, 4468787791590, vstest.console.dll, MetadataReaderExtensionsHelper: Discovering extensions inside assembly 'Microsoft.VisualStudio.TestPlatform.Extensions.Trx.TestLogger, Version=15.0.0.0, Culture=neutral, PublicKeyToken=b03f5f7f11d50a3a' file path 'C:\Program Files\dotnet\sdk\7.0.401\Extensions\Microsoft.VisualStudio.TestPlatform.Extensions.Trx.TestLogger.dll'
TpTrace Information: 0 : 4260, 1, 2023/09/19, 16:56:04.903, 4468787801084, vstest.console.dll, GetTestExtensionFromType: Register extension with identifier data 'logger://Microsoft/TestPlatform/TrxLogger/v1' and type 'Microsoft.VisualStudio.TestPlatform.Extensions.TrxLogger.TrxLogger, Microsoft.VisualStudio.TestPlatform.Extensions.Trx.TestLogger, Version=15.0.0.0, Culture=neutral, PublicKeyToken=b03f5f7f11d50a3a' inside file 'C:\Program Files\dotnet\sdk\7.0.401\Extensions\Microsoft.VisualStudio.TestPlatform.Extensions.Trx.TestLogger.dll'
TpTrace Verbose: 0 : 4260, 1, 2023/09/19, 16:56:04.903, 4468787802696, vstest.console.dll, TestPluginCache: Discovered the extensions using extension path ''.
TpTrace Verbose: 0 : 4260, 1, 2023/09/19, 16:56:04.903, 4468787803228, vstest.console.dll, TestPluginCache: Discoverers are ''.
TpTrace Verbose: 0 : 4260, 1, 2023/09/19, 16:56:04.903, 4468787803625, vstest.console.dll, TestPluginCache: Executors are ''.
TpTrace Verbose: 0 : 4260, 1, 2023/09/19, 16:56:04.903, 4468787804368, vstest.console.dll, TestPluginCache: Executors2 are ''.
TpTrace Verbose: 0 : 4260, 1, 2023/09/19, 16:56:04.903, 4468787804683, vstest.console.dll, TestPluginCache: Setting providers are ''.
TpTrace Verbose: 0 : 4260, 1, 2023/09/19, 16:56:04.903, 4468787805409, vstest.console.dll, TestPluginCache: Loggers are 'logger://Microsoft/TestPlatform/Extensions/Blame/v1,logger://Microsoft/TestPlatform/HtmlLogger/v1,logger://Microsoft/TestPlatform/TrxLogger/v1'.
TpTrace Verbose: 0 : 4260, 1, 2023/09/19, 16:56:04.903, 4468787805967, vstest.console.dll, TestPluginCache: TestHosts are 'HostProvider://DefaultTestHost,HostProvider://DotnetTestHost'.
TpTrace Verbose: 0 : 4260, 1, 2023/09/19, 16:56:04.903, 4468787806344, vstest.console.dll, TestPluginCache: DataCollectors are ''.
TpTrace Information: 0 : 4260, 1, 2023/09/19, 16:56:04.905, 4468787817978, vstest.console.dll, TestPluginManager.CreateTestExtension: Attempting to load test extension: Microsoft.TestPlatform.Extensions.BlameDataCollector.BlameLogger
TpTrace Verbose: 0 : 4260, 1, 2023/09/19, 16:56:04.916, 4468787926461, vstest.console.dll, TestEngine: Initializing Parallel Execution as MaxCpuCount is set to: 1
TpTrace Information: 0 : 4260, 1, 2023/09/19, 16:56:04.920, 4468787972422, vstest.console.dll, TestPluginManager.CreateTestExtension: Attempting to load test extension: Microsoft.VisualStudio.TestPlatform.CrossPlatEngine.Hosting.DefaultTestHostManager
TpTrace Information: 0 : 4260, 1, 2023/09/19, 16:56:04.921, 4468787982794, vstest.console.dll, TestPluginManager.CreateTestExtension: Attempting to load test extension: Microsoft.VisualStudio.TestPlatform.CrossPlatEngine.Hosting.DotnetTestHostManager
TpTrace Information: 0 : 4260, 1, 2023/09/19, 16:56:04.922, 4468787995201, vstest.console.dll, InferRunSettingsHelper.IsTestSettingsEnabled: Unable to navigate to RunSettings/MSTest. Current node: RunSettings
TpTrace Verbose: 0 : 4260, 1, 2023/09/19, 16:56:04.923, 4468788003240, vstest.console.dll, ParallelOperationManager.ClearSlots: Clearing all slots. Slots should accept more work: True
TpTrace Verbose: 0 : 4260, 1, 2023/09/19, 16:56:04.927, 4468788042514, vstest.console.dll, ParallelOperationManager.SetOccupiedSlotCount: Setting slot counts AvailableSlotCount = 1, OccupiedSlotCount = 0.
TpTrace Verbose: 0 : 4260, 1, 2023/09/19, 16:56:04.928, 4468788054577, vstest.console.dll, Occupied slots:

TpTrace Verbose: 0 : 4260, 1, 2023/09/19, 16:56:04.932, 4468788092860, vstest.console.dll, TestEngine.GetExecutionManager: Chosen execution manager 'Microsoft.VisualStudio.TestPlatform.CrossPlatEngine.Client.Parallel.ParallelProxyExecutionManager, Microsoft.TestPlatform.CrossPlatEngine, Version=15.0.0.0, Culture=neutral, PublicKeyToken=b03f5f7f11d50a3a' ParallelLevel '1'.
TpTrace Verbose: 0 : 4260, 1, 2023/09/19, 16:56:04.932, 4468788096139, vstest.console.dll, TestRunRequest.ExecuteAsync: Creating test run request.
TpTrace Verbose: 0 : 4260, 1, 2023/09/19, 16:56:04.933, 4468788101744, vstest.console.dll, TestRunRequest.ExecuteAsync: Starting.
TpTrace Information: 0 : 4260, 1, 2023/09/19, 16:56:04.934, 4468788107008, vstest.console.dll, TestRunRequest.ExecuteAsync: Starting run with settings:TestRunCriteria:
   KeepAlive=False,FrequencyOfRunStatsChangeEvent=10,RunStatsChangeEventTimeout=00:00:01.5000000,TestCaseFilter=,TestExecutorLauncher=
   Settingsxml=<RunSettings>
  <RunConfiguration>
    <ResultsDirectory>C:\Users\jason\source\repos\MoneyMeans.Zoo\MoneyMeans.Zoo.Test\bin\Debug\net7.0\fine-code-coverage\coverage-tool-output</ResultsDirectory>
    <TargetPlatform>X64</TargetPlatform>
    <TargetFrameworkVersion>.NETCoreApp,Version=v7.0</TargetFrameworkVersion>
    <DesignMode>False</DesignMode>
    <CollectSourceInformation>False</CollectSourceInformation>
  </RunConfiguration>
  <LoggerRunSettings>
    <Loggers>
      <Logger friendlyName="blame" enabled="True" />
      <Logger friendlyName="Console" uri="logger://microsoft/TestPlatform/ConsoleLogger/v1" assemblyQualifiedName="Microsoft.VisualStudio.TestPlatform.CommandLine.Internal.ConsoleLogger, vstest.console, Version=15.0.0.0, Culture=neutral, PublicKeyToken=b03f5f7f11d50a3a" codeBase="C:\Program Files\dotnet\sdk\7.0.401\vstest.console.dll" enabled="True" />
    </Loggers>
  </LoggerRunSettings>
  <DataCollectionRunSettings>
    <DataCollectors>
      <DataCollector friendlyName="blame" enabled="True">
        <Configuration>
          <ResultsDirectory>C:\Users\jason\source\repos\MoneyMeans.Zoo\MoneyMeans.Zoo.Test\bin\Debug\net7.0\fine-code-coverage\coverage-tool-output</ResultsDirectory>
        </Configuration>
      </DataCollector>
    </DataCollectors>
  </DataCollectionRunSettings>
</RunSettings>

TpTrace Verbose: 0 : 4260, 1, 2023/09/19, 16:56:04.934, 4468788107876, vstest.console.dll, TestRunRequest.ExecuteAsync: Wait for the first run request is over.
TpTrace Verbose: 0 : 4260, 1, 2023/09/19, 16:56:04.934, 4468788111230, vstest.console.dll, MulticastDelegateUtilities.SafeInvoke: TestRun.TestRunStart: Invoking callbacks was skipped because there are no subscribers.
TpTrace Verbose: 0 : 4260, 4, 2023/09/19, 16:56:04.934, 4468788114971, vstest.console.dll, MulticastDelegateUtilities.SafeInvoke: InternalTestLoggerEvents.SendTestRunStart: Invoking callback 1/1 for Microsoft.VisualStudio.TestPlatform.CommandLine.Internal.ConsoleLogger., took 0 ms.
TpTrace Verbose: 0 : 4260, 1, 2023/09/19, 16:56:04.936, 4468788131889, vstest.console.dll, ParallelProxyExecutionManager: Start execution. Total sources: 1
TpTrace Verbose: 0 : 4260, 1, 2023/09/19, 16:56:04.937, 4468788136918, vstest.console.dll, ParallelOperationManager.StartWork: Starting adding 1 workloads.
TpTrace Verbose: 0 : 4260, 1, 2023/09/19, 16:56:04.937, 4468788139497, vstest.console.dll, ParallelOperationManager.ClearSlots: Clearing all slots. Slots should accept more work: True
TpTrace Verbose: 0 : 4260, 1, 2023/09/19, 16:56:04.937, 4468788140365, vstest.console.dll, ParallelOperationManager.SetOccupiedSlotCount: Setting slot counts AvailableSlotCount = 1, OccupiedSlotCount = 0.
TpTrace Verbose: 0 : 4260, 1, 2023/09/19, 16:56:04.937, 4468788140842, vstest.console.dll, Occupied slots:

TpTrace Verbose: 0 : 4260, 1, 2023/09/19, 16:56:04.939, 4468788161322, vstest.console.dll, TestRequestSender is acting as server.
TpTrace Verbose: 0 : 4260, 1, 2023/09/19, 16:56:04.941, 4468788178211, vstest.console.dll, ParallelOperationManager.RunWorkInParallel: Adding 1 workload to slot, remaining workloads 0.
TpTrace Verbose: 0 : 4260, 1, 2023/09/19, 16:56:04.941, 4468788179801, vstest.console.dll, ParallelOperationManager.SetOccupiedSlotCount: Setting slot counts AvailableSlotCount = 0, OccupiedSlotCount = 1.
TpTrace Verbose: 0 : 4260, 1, 2023/09/19, 16:56:04.941, 4468788182125, vstest.console.dll, Occupied slots:
0: C:\Users\jason\source\repos\MoneyMeans.Zoo\MoneyMeans.Zoo.Test\bin\Debug\net7.0\fine-code-coverage\build-output\MoneyMeans.Zoo.Test.dll
TpTrace Verbose: 0 : 4260, 1, 2023/09/19, 16:56:04.943, 4468788202870, vstest.console.dll, ParallelOperationManager.RunWorkInParallel: Started host in slot number 0 for work (source): C:\Users\jason\source\repos\MoneyMeans.Zoo\MoneyMeans.Zoo.Test\bin\Debug\net7.0\fine-code-coverage\build-output\MoneyMeans.Zoo.Test.dll.
TpTrace Verbose: 0 : 4260, 1, 2023/09/19, 16:56:04.944, 4468788215437, vstest.console.dll, ParallelOperationManager.RunWorkInParallel: We started 1 work items, which is the max parallel level. Won't start more work.
TpTrace Verbose: 0 : 4260, 1, 2023/09/19, 16:56:04.945, 4468788216461, vstest.console.dll, ParallelOperationManager.RunWorkInParallel: We started 1 work items in here, returning True.
TpTrace Information: 0 : 4260, 1, 2023/09/19, 16:56:04.945, 4468788217287, vstest.console.dll, TestRunRequest.ExecuteAsync: Started.
TpTrace Verbose: 0 : 4260, 1, 2023/09/19, 16:56:04.945, 4468788219214, vstest.console.dll, TestRunRequest.WaitForCompletion: Waiting with timeout -1.
TpTrace Verbose: 0 : 4260, 5, 2023/09/19, 16:56:04.945, 4468788220393, vstest.console.dll, ParallelProxyExecutionManager.StartTestRunOnConcurrentManager: Initializing uninitialized client. Started clients: 0
TpTrace Verbose: 0 : 4260, 5, 2023/09/19, 16:56:04.945, 4468788222655, vstest.console.dll, DataCollectionRequestSender.InitializeCommunication : Initialize communication. 
TpTrace Information: 0 : 4260, 5, 2023/09/19, 16:56:04.951, 4468788278224, vstest.console.dll, Listening on Endpoint : 127.0.0.1:60990
TpTrace Verbose: 0 : 4260, 5, 2023/09/19, 16:56:04.960, 4468788368874, vstest.console.dll, DotnetDataCollectionLauncher: Adding  --runtimeconfig "C:\Program Files\dotnet\sdk\7.0.401\datacollector.runtimeconfig.json" in args
TpTrace Verbose: 0 : 4260, 5, 2023/09/19, 16:56:04.960, 4468788370186, vstest.console.dll, DotnetDataCollectionLauncher: Adding  --depsfile "C:\Program Files\dotnet\sdk\7.0.401\datacollector.deps.json" in args
TpTrace Verbose: 0 : 4260, 5, 2023/09/19, 16:56:04.960, 4468788374412, vstest.console.dll, DotnetDataCollectionLauncher: Full path of dotnet.exe is C:\Program Files\dotnet\dotnet.exe
TpTrace Information: 0 : 4260, 5, 2023/09/19, 16:56:04.968, 4468788452300, vstest.console.dll, ProxyDataCollectionManager.Initialize: Launched datacollector processId: 1300 port: 60990
TpTrace Information: 0 : 4260, 5, 2023/09/19, 16:56:04.968, 4468788454587, vstest.console.dll, ProxyDataCollectionManager.Initialize: waiting for connection with timeout: 90 seconds
TpTrace Verbose: 0 : 4260, 5, 2023/09/19, 16:56:04.968, 4468788455734, vstest.console.dll, DataCollectionRequestSender.WaitForRequestHandlerConnection : Waiting for connection with timeout: 90000
TpTrace Verbose: 0 : 4260, 5, 2023/09/19, 16:56:05.156, 4468790329493, vstest.console.dll, SocketCommunicationManager.WaitForClientConnection took: 187 ms, with 90000 ms timeout, and finished with True.
TpTrace Information: 0 : 4260, 7, 2023/09/19, 16:56:05.156, 4468790329418, vstest.console.dll, Using the buffer size of 16384 bytes
TpTrace Verbose: 0 : 4260, 5, 2023/09/19, 16:56:05.156, 4468790331630, vstest.console.dll, ProxyDataCollectionManager.InvokeDataCollectionServiceAction: Starting.
TpTrace Information: 0 : 4260, 7, 2023/09/19, 16:56:05.156, 4468790331649, vstest.console.dll, Accepted Client request and set the flag
TpTrace Information: 0 : 4260, 5, 2023/09/19, 16:56:05.156, 4468790332933, vstest.console.dll, ProxyDataCollectionManager.BeforeTestRunStart: Get environment variable and port for datacollector processId: 1300 port: 60990
TpTrace Verbose: 0 : 4260, 5, 2023/09/19, 16:56:05.156, 4468790334899, vstest.console.dll, DataCollectionRequestSender.SendBeforeTestRunStartAndGetResult: Send BeforeTestRunStart message with settingsXml <RunSettings><RunConfiguration><ResultsDirectory>C:\Users\jason\source\repos\MoneyMeans.Zoo\MoneyMeans.Zoo.Test\bin\Debug\net7.0\fine-code-coverage\coverage-tool-output</ResultsDirectory><TargetPlatform>X64</TargetPlatform><TargetFrameworkVersion>.NETCoreApp,Version=v7.0</TargetFrameworkVersion><DesignMode>False</DesignMode><CollectSourceInformation>False</CollectSourceInformation><TestAdaptersPaths>C:\Program Files\dotnet\sdk\7.0.401\Extensions</TestAdaptersPaths></RunConfiguration><LoggerRunSettings><Loggers><Logger friendlyName="blame" enabled="True" /><Logger friendlyName="Console" uri="logger://microsoft/TestPlatform/ConsoleLogger/v1" assemblyQualifiedName="Microsoft.VisualStudio.TestPlatform.CommandLine.Internal.ConsoleLogger, vstest.console, Version=15.0.0.0, Culture=neutral, PublicKeyToken=b03f5f7f11d50a3a" codeBase="C:\Program Files\dotnet\sdk\7.0.401\vstest.console.dll" enabled="True" /></Loggers></LoggerRunSettings><DataCollectionRunSettings><DataCollectors><DataCollector friendlyName="blame" enabled="True"><Configuration><ResultsDirectory>C:\Users\jason\source\repos\MoneyMeans.Zoo\MoneyMeans.Zoo.Test\bin\Debug\net7.0\fine-code-coverage\coverage-tool-output</ResultsDirectory></Configuration></DataCollector></DataCollectors></DataCollectionRunSettings></RunSettings> and sources System.Collections.Generic.List`1[System.String]: 
TpTrace Verbose: 0 : 4260, 5, 2023/09/19, 16:56:05.260, 4468791370744, vstest.console.dll, DataCollectionRequestSender.SendBeforeTestRunStartAndGetResult: Received message: (DataCollection.SendMessage) -> {"MessageType":"DataCollection.SendMessage","Payload":{"FriendlyName":null,"Uri":null,"TestCaseId":"00000000-0000-0000-0000-000000000000","Message":"Logging DataCollector Diagnostics in file: C:\\Users\\jason\\source\\repos\\MoneyMeans.Zoo\\MoneyMeans.Zoo.Test\\bin\\Debug\\net7.0\\fine-code-coverage\\coverage-tool-output\\diagnostics.datacollector.23-09-19_16-56-04_96000_5.log","Level":0}}
TpTrace Verbose: 0 : 4260, 5, 2023/09/19, 16:56:05.354, 4468792315290, vstest.console.dll, DataCollectionRequestSender.SendBeforeTestRunStartAndGetResult: Received message: (DataCollection.BeforeTestRunStartResult) -> {"MessageType":"DataCollection.BeforeTestRunStartResult","Payload":{"EnvironmentVariables":{},"DataCollectionEventsPort":60992}}
TpTrace Information: 0 : 4260, 5, 2023/09/19, 16:56:05.360, 4468792367919, vstest.console.dll, ProxyDataCollectionManager.BeforeTestRunStart: SendBeforeTestRunStartAndGetResult successful, env variable from datacollector:   and testhost port: 60992
TpTrace Information: 0 : 4260, 5, 2023/09/19, 16:56:05.360, 4468792368965, vstest.console.dll, ProxyDataCollectionManager.InvokeDataCollectionServiceAction: Completed.
TpTrace Verbose: 0 : 4260, 5, 2023/09/19, 16:56:05.360, 4468792369426, vstest.console.dll, ParallelProxyExecutionManager.StartTestRunOnConcurrentManager: Initializing test run. Started clients: 0
TpTrace Verbose: 0 : 4260, 5, 2023/09/19, 16:56:05.360, 4468792370330, vstest.console.dll, ProxyExecutionManager: Test host is always Lazy initialize.
TpTrace Verbose: 0 : 4260, 5, 2023/09/19, 16:56:05.360, 4468792372768, vstest.console.dll, TestRequestSender.InitializeCommunication: initialize communication. 
TpTrace Information: 0 : 4260, 5, 2023/09/19, 16:56:05.361, 4468792377696, vstest.console.dll, SocketServer.Start: Listening on endpoint : 127.0.0.1:60993
TpTrace Verbose: 0 : 4260, 5, 2023/09/19, 16:56:05.361, 4468792386319, vstest.console.dll, DotnetTestHostmanager.GetTestHostProcessStartInfo: Platform environment 'X64' target architecture 'X64' framework '.NETCoreApp,Version=v7.0' OS 'Windows'
TpTrace Verbose: 0 : 4260, 5, 2023/09/19, 16:56:05.362, 4468792388461, vstest.console.dll, DotnetTestHostmanager: Adding  --runtimeconfig "C:\Users\jason\source\repos\MoneyMeans.Zoo\MoneyMeans.Zoo.Test\bin\Debug\net7.0\fine-code-coverage\build-output\MoneyMeans.Zoo.Test.runtimeconfig.json" in args
TpTrace Verbose: 0 : 4260, 5, 2023/09/19, 16:56:05.362, 4468792389478, vstest.console.dll, DotnetTestHostmanager: Adding  --depsfile "C:\Users\jason\source\repos\MoneyMeans.Zoo\MoneyMeans.Zoo.Test\bin\Debug\net7.0\fine-code-coverage\build-output\MoneyMeans.Zoo.Test.deps.json" in args
TpTrace Verbose: 0 : 4260, 5, 2023/09/19, 16:56:05.362, 4468792391187, vstest.console.dll, DotnetTestHostmanager.IsWinOnArm: Current PROCESSOR_ARCHITECTURE from environment variable 'AMD64'
TpTrace Verbose: 0 : 4260, 5, 2023/09/19, 16:56:05.362, 4468792391834, vstest.console.dll, DotnetTestHostmanager.IsWinOnArm: Is Windows on ARM 'False'
TpTrace Verbose: 0 : 4260, 5, 2023/09/19, 16:56:05.362, 4468792392768, vstest.console.dll, DotnetTestHostManager: testhost.exe found at path: C:\Users\jason\source\repos\MoneyMeans.Zoo\MoneyMeans.Zoo.Test\bin\Debug\net7.0\fine-code-coverage\build-output\testhost.exe
TpTrace Verbose: 0 : 4260, 5, 2023/09/19, 16:56:05.362, 4468792393251, vstest.console.dll, DotnetTestHostmanager: Full path of host exe is C:\Users\jason\source\repos\MoneyMeans.Zoo\MoneyMeans.Zoo.Test\bin\Debug\net7.0\fine-code-coverage\build-output\testhost.exe
TpTrace Verbose: 0 : 4260, 5, 2023/09/19, 16:56:05.362, 4468792394747, vstest.console.dll, DotnetTestHostmanager.LaunchTestHostAsync: Found 'VSTEST_WINAPPHOST_DOTNET_ROOT' in env variables, value 'C:\Program Files\dotnet', forwarding to 'DOTNET_ROOT'
TpTrace Verbose: 0 : 4260, 5, 2023/09/19, 16:56:05.363, 4468792396514, vstest.console.dll, DotnetTestHostManager: Starting process 'C:\Users\jason\source\repos\MoneyMeans.Zoo\MoneyMeans.Zoo.Test\bin\Debug\net7.0\fine-code-coverage\build-output\testhost.exe' with command line ' --runtimeconfig "C:\Users\jason\source\repos\MoneyMeans.Zoo\MoneyMeans.Zoo.Test\bin\Debug\net7.0\fine-code-coverage\build-output\MoneyMeans.Zoo.Test.runtimeconfig.json" --depsfile "C:\Users\jason\source\repos\MoneyMeans.Zoo\MoneyMeans.Zoo.Test\bin\Debug\net7.0\fine-code-coverage\build-output\MoneyMeans.Zoo.Test.deps.json" --port 60993 --endpoint 127.0.0.1:060993 --role client --parentprocessid 4260 --diag "C:\Users\jason\source\repos\MoneyMeans.Zoo\MoneyMeans.Zoo.Test\bin\Debug\net7.0\fine-code-coverage\coverage-tool-output\diagnostics.host.23-09-19_16-56-05_36153_5.log" --tracelevel 4 --datacollectionport 60992 --telemetryoptedin false'
TpTrace Verbose: 0 : 4260, 5, 2023/09/19, 16:56:05.369, 4468792466403, vstest.console.dll, MulticastDelegateUtilities.SafeInvoke: HostProviderEvents.OnHostLaunched: Invoking callback 1/2 for Microsoft.VisualStudio.TestPlatform.CrossPlatEngine.Client.ProxyExecutionManagerWithDataCollection., took 1 ms.
TpTrace Verbose: 0 : 4260, 5, 2023/09/19, 16:56:05.370, 4468792469891, vstest.console.dll, Test Runtime launched
TpTrace Verbose: 0 : 4260, 5, 2023/09/19, 16:56:05.370, 4468792470839, vstest.console.dll, MulticastDelegateUtilities.SafeInvoke: HostProviderEvents.OnHostLaunched: Invoking callback 2/2 for Microsoft.VisualStudio.TestPlatform.CrossPlatEngine.Client.ProxyOperationManager., took 0 ms.
TpTrace Verbose: 0 : 4260, 5, 2023/09/19, 16:56:05.370, 4468792472865, vstest.console.dll, TestRequestSender.WaitForRequestHandlerConnection: waiting for connection with timeout: 90000.
TpTrace Verbose: 0 : 4260, 5, 2023/09/19, 16:56:05.565, 4468794418361, vstest.console.dll, TestRequestSender.WaitForRequestHandlerConnection: waiting took 194 ms, with timeout 90000 ms, and result 0, which is success.
TpTrace Verbose: 0 : 4260, 13, 2023/09/19, 16:56:05.565, 4468794418497, vstest.console.dll, MulticastDelegateUtilities.SafeInvoke: SocketServer: ClientConnected: Invoking callback 1/1 for Microsoft.VisualStudio.TestPlatform.CommunicationUtilities.TestRequestSender., took 0 ms.
TpTrace Verbose: 0 : 4260, 13, 2023/09/19, 16:56:05.565, 4468794420703, vstest.console.dll, SocketServer.OnClientConnected: Client connected for endPoint: 127.0.0.1:60993, starting MessageLoopAsync:
TpTrace Verbose: 0 : 4260, 13, 2023/09/19, 16:56:05.565, 4468794423196, vstest.console.dll, TcpClientExtensions.MessageLoopAsync: Polling on remoteEndPoint: 127.0.0.1:60994 localEndPoint: 127.0.0.1:60993
TpTrace Verbose: 0 : 4260, 5, 2023/09/19, 16:56:05.566, 4468794431399, vstest.console.dll, TestRequestSender.CheckVersionWithTestHost: Sending check version message: {"MessageType":"ProtocolVersion","Payload":7}
TpTrace Verbose: 0 : 4260, 13, 2023/09/19, 16:56:05.716, 4468795930142, vstest.console.dll, TcpClientExtensions.MessageLoopAsync: NotifyDataAvailable remoteEndPoint: 127.0.0.1:60994 localEndPoint: 127.0.0.1:60993
TpTrace Verbose: 0 : 4260, 13, 2023/09/19, 16:56:05.716, 4468795932801, vstest.console.dll, TestRequestSender.CheckVersionWithTestHost: onMessageReceived received message: (ProtocolVersion) -> {"MessageType":"ProtocolVersion","Payload":7}
TpTrace Verbose: 0 : 4260, 13, 2023/09/19, 16:56:05.717, 4468795939766, vstest.console.dll, MulticastDelegateUtilities.SafeInvoke: LengthPrefixCommunicationChannel: MessageReceived: Invoking callback 1/1 for Microsoft.VisualStudio.TestPlatform.CommunicationUtilities.TestRequestSender+<>c__DisplayClass29_0., took 0 ms.
TpTrace Verbose: 0 : 4260, 5, 2023/09/19, 16:56:05.717, 4468795940895, vstest.console.dll, TestPluginCache.GetExtensionPaths: Filtered extension paths: 
TpTrace Verbose: 0 : 4260, 13, 2023/09/19, 16:56:05.717, 4468795941236, vstest.console.dll, TcpClientExtensions.MessageLoopAsync: Polling on remoteEndPoint: 127.0.0.1:60994 localEndPoint: 127.0.0.1:60993
TpTrace Verbose: 0 : 4260, 5, 2023/09/19, 16:56:05.717, 4468795942221, vstest.console.dll, TestPluginCache.GetExtensionPaths: Added default extension paths: C:\Program Files\dotnet\sdk\7.0.401\Extensions\Microsoft.Diagnostics.NETCore.Client.dll
C:\Program Files\dotnet\sdk\7.0.401\Extensions\Microsoft.TestPlatform.Extensions.BlameDataCollector.dll
C:\Program Files\dotnet\sdk\7.0.401\Extensions\Microsoft.TestPlatform.Extensions.EventLogCollector.dll
C:\Program Files\dotnet\sdk\7.0.401\Extensions\Microsoft.TestPlatform.TestHostRuntimeProvider.dll
C:\Program Files\dotnet\sdk\7.0.401\Extensions\Microsoft.VisualStudio.TestPlatform.Extensions.Html.TestLogger.dll
C:\Program Files\dotnet\sdk\7.0.401\Extensions\Microsoft.VisualStudio.TestPlatform.Extensions.Trx.TestLogger.dll
TpTrace Verbose: 0 : 4260, 5, 2023/09/19, 16:56:05.717, 4468795942918, vstest.console.dll, TestPluginCache.GetExtensionPaths: Added unfilterableExtensionPaths: 
TpTrace Verbose: 0 : 4260, 5, 2023/09/19, 16:56:05.720, 4468795972703, vstest.console.dll, TestRequestSender.InitializeExecution: Sending initialize execution with message: {"Version":7,"MessageType":"TestExecution.Initialize","Payload":["C:\\Users\\jason\\source\\repos\\MoneyMeans.Zoo\\MoneyMeans.Zoo.Test\\bin\\Debug\\net7.0\\fine-code-coverage\\build-output\\NUnit3.TestAdapter.dll"]}
TpTrace Verbose: 0 : 4260, 5, 2023/09/19, 16:56:05.720, 4468795975142, vstest.console.dll, ParallelProxyExecutionManager.StartTestRunOnConcurrentManager: Execution starting. Started clients: 1
TpTrace Verbose: 0 : 4260, 5, 2023/09/19, 16:56:05.721, 4468795978133, vstest.console.dll, TestRunRequest:SendTestRunMessage: Starting.
TpTrace Verbose: 0 : 4260, 5, 2023/09/19, 16:56:05.721, 4468795979745, vstest.console.dll, MulticastDelegateUtilities.SafeInvoke: TestRun.LogMessages: Invoking callback 1/1 for Microsoft.VisualStudio.TestPlatform.CommandLine.TestRunResultAggregator., took 0 ms.
TpTrace Information: 0 : 4260, 5, 2023/09/19, 16:56:05.721, 4468795980229, vstest.console.dll, TestRunRequest:SendTestRunMessage: Completed.
TpTrace Verbose: 0 : 4260, 4, 2023/09/19, 16:56:05.721, 4468795981891, vstest.console.dll, MulticastDelegateUtilities.SafeInvoke: InternalTestLoggerEvents.SendTestRunMessage: Invoking callback 1/1 for Microsoft.VisualStudio.TestPlatform.CommandLine.Internal.ConsoleLogger., took 0 ms.
TpTrace Warning: 0 : 4260, 5, 2023/09/19, 16:56:05.721, 4468795984053, vstest.console.dll, InferRunSettingsHelper.MakeRunsettingsCompatible: Removing the following settings: TargetPlatform from RunSettings file. To use those settings please move to latest version of Microsoft.NET.Test.Sdk
TpTrace Verbose: 0 : 4260, 13, 2023/09/19, 16:56:05.723, 4468796000866, vstest.console.dll, TcpClientExtensions.MessageLoopAsync: NotifyDataAvailable remoteEndPoint: 127.0.0.1:60994 localEndPoint: 127.0.0.1:60993
TpTrace Verbose: 0 : 4260, 13, 2023/09/19, 16:56:05.723, 4468796005071, vstest.console.dll, TestRequestSender.OnExecutionMessageReceived: Received message: {"Version":7,"MessageType":"TestSession.Message","Payload":{"MessageLevel":0,"Message":"Logging TestHost Diagnostics in file: C:\\Users\\jason\\source\\repos\\MoneyMeans.Zoo\\MoneyMeans.Zoo.Test\\bin\\Debug\\net7.0\\fine-code-coverage\\coverage-tool-output\\diagnostics.host.23-09-19_16-56-05_36153_5.log"}}
TpTrace Verbose: 0 : 4260, 13, 2023/09/19, 16:56:05.726, 4468796036439, vstest.console.dll, TestRunRequest:SendTestRunMessage: Starting.
TpTrace Verbose: 0 : 4260, 13, 2023/09/19, 16:56:05.727, 4468796038648, vstest.console.dll, MulticastDelegateUtilities.SafeInvoke: TestRun.LogMessages: Invoking callback 1/1 for Microsoft.VisualStudio.TestPlatform.CommandLine.TestRunResultAggregator., took 0 ms.
TpTrace Information: 0 : 4260, 13, 2023/09/19, 16:56:05.727, 4468796039521, vstest.console.dll, TestRunRequest:SendTestRunMessage: Completed.
TpTrace Verbose: 0 : 4260, 4, 2023/09/19, 16:56:05.727, 4468796038792, vstest.console.dll, MulticastDelegateUtilities.SafeInvoke: InternalTestLoggerEvents.SendTestRunMessage: Invoking callback 1/1 for Microsoft.VisualStudio.TestPlatform.CommandLine.Internal.ConsoleLogger., took 0 ms.
TpTrace Verbose: 0 : 4260, 13, 2023/09/19, 16:56:05.727, 4468796040601, vstest.console.dll, MulticastDelegateUtilities.SafeInvoke: LengthPrefixCommunicationChannel: MessageReceived: Invoking callback 1/1 for Microsoft.VisualStudio.TestPlatform.CommunicationUtilities.TestRequestSender+<>c__DisplayClass34_0., took 3 ms.
TpTrace Verbose: 0 : 4260, 13, 2023/09/19, 16:56:05.727, 4468796041773, vstest.console.dll, TcpClientExtensions.MessageLoopAsync: Polling on remoteEndPoint: 127.0.0.1:60994 localEndPoint: 127.0.0.1:60993
TpTrace Verbose: 0 : 4260, 5, 2023/09/19, 16:56:05.731, 4468796078031, vstest.console.dll, TestRequestSender.StartTestRun: Sending test run with message: {"Version":7,"MessageType":"TestExecution.StartWithSources","Payload":{"AdapterSourceMap":{"_none_":["C:\\Users\\jason\\source\\repos\\MoneyMeans.Zoo\\MoneyMeans.Zoo.Test\\bin\\Debug\\net7.0\\fine-code-coverage\\build-output\\MoneyMeans.Zoo.Test.dll"]},"RunSettings":"<RunSettings>\r\n  <RunConfiguration>\r\n    <ResultsDirectory>C:\\Users\\jason\\source\\repos\\MoneyMeans.Zoo\\MoneyMeans.Zoo.Test\\bin\\Debug\\net7.0\\fine-code-coverage\\coverage-tool-output</ResultsDirectory>\r\n    <TargetFrameworkVersion>.NETCoreApp,Version=v7.0</TargetFrameworkVersion>\r\n    <DesignMode>False</DesignMode>\r\n    <CollectSourceInformation>False</CollectSourceInformation>\r\n  </RunConfiguration>\r\n  <LoggerRunSettings>\r\n    <Loggers>\r\n      <Logger friendlyName=\"blame\" enabled=\"True\" />\r\n      <Logger friendlyName=\"Console\" uri=\"logger://microsoft/TestPlatform/ConsoleLogger/v1\" assemblyQualifiedName=\"Microsoft.VisualStudio.TestPlatform.CommandLine.Internal.ConsoleLogger, vstest.console, Version=15.0.0.0, Culture=neutral, PublicKeyToken=b03f5f7f11d50a3a\" codeBase=\"C:\\Program Files\\dotnet\\sdk\\7.0.401\\vstest.console.dll\" enabled=\"True\" />\r\n    </Loggers>\r\n  </LoggerRunSettings>\r\n  <DataCollectionRunSettings>\r\n    <DataCollectors>\r\n      <DataCollector friendlyName=\"blame\" enabled=\"True\">\r\n        <Configuration>\r\n          <ResultsDirectory>C:\\Users\\jason\\source\\repos\\MoneyMeans.Zoo\\MoneyMeans.Zoo.Test\\bin\\Debug\\net7.0\\fine-code-coverage\\coverage-tool-output</ResultsDirectory>\r\n        </Configuration>\r\n      </DataCollector>\r\n    </DataCollectors>\r\n  </DataCollectionRunSettings>\r\n</RunSettings>","TestExecutionContext":{"FrequencyOfRunStatsChangeEvent":10,"RunStatsChangeEventTimeout":"00:00:01.5000000","InIsolation":false,"KeepAlive":false,"AreTestCaseLevelEventsRequired":false,"IsDebug":false,"TestCaseFilter":null,"FilterOptions":null},"Package":null}}
TpTrace Verbose: 0 : 4260, 5, 2023/09/19, 16:56:05.731, 4468796080107, vstest.console.dll, ParallelProxyExecutionManager.StartTestRunOnConcurrentManager: Execution started. Started clients: 1
TpTrace Verbose: 0 : 4260, 13, 2023/09/19, 16:56:05.908, 4468797854777, vstest.console.dll, TcpClientExtensions.MessageLoopAsync: NotifyDataAvailable remoteEndPoint: 127.0.0.1:60994 localEndPoint: 127.0.0.1:60993
TpTrace Verbose: 0 : 4260, 13, 2023/09/19, 16:56:05.909, 4468797857260, vstest.console.dll, TestRequestSender.OnExecutionMessageReceived: Received message: {"Version":7,"MessageType":"TestSession.Message","Payload":{"MessageLevel":0,"Message":"NUnit Adapter 4.4.0.0: Test execution started"}}
TpTrace Verbose: 0 : 4260, 13, 2023/09/19, 16:56:05.909, 4468797861294, vstest.console.dll, TestRunRequest:SendTestRunMessage: Starting.
TpTrace Verbose: 0 : 4260, 13, 2023/09/19, 16:56:05.909, 4468797862542, vstest.console.dll, MulticastDelegateUtilities.SafeInvoke: TestRun.LogMessages: Invoking callback 1/1 for Microsoft.VisualStudio.TestPlatform.CommandLine.TestRunResultAggregator., took 0 ms.
TpTrace Verbose: 0 : 4260, 4, 2023/09/19, 16:56:05.909, 4468797862949, vstest.console.dll, MulticastDelegateUtilities.SafeInvoke: InternalTestLoggerEvents.SendTestRunMessage: Invoking callback 1/1 for Microsoft.VisualStudio.TestPlatform.CommandLine.Internal.ConsoleLogger., took 0 ms.
TpTrace Information: 0 : 4260, 13, 2023/09/19, 16:56:05.909, 4468797863286, vstest.console.dll, TestRunRequest:SendTestRunMessage: Completed.
TpTrace Verbose: 0 : 4260, 13, 2023/09/19, 16:56:05.909, 4468797865026, vstest.console.dll, MulticastDelegateUtilities.SafeInvoke: LengthPrefixCommunicationChannel: MessageReceived: Invoking callback 1/1 for Microsoft.VisualStudio.TestPlatform.CommunicationUtilities.TestRequestSender+<>c__DisplayClass34_0., took 0 ms.
TpTrace Verbose: 0 : 4260, 13, 2023/09/19, 16:56:05.909, 4468797865791, vstest.console.dll, TcpClientExtensions.MessageLoopAsync: Polling on remoteEndPoint: 127.0.0.1:60994 localEndPoint: 127.0.0.1:60993
TpTrace Verbose: 0 : 4260, 13, 2023/09/19, 16:56:05.941, 4468798177286, vstest.console.dll, TcpClientExtensions.MessageLoopAsync: NotifyDataAvailable remoteEndPoint: 127.0.0.1:60994 localEndPoint: 127.0.0.1:60993
TpTrace Verbose: 0 : 4260, 13, 2023/09/19, 16:56:05.941, 4468798179834, vstest.console.dll, TestRequestSender.OnExecutionMessageReceived: Received message: {"Version":7,"MessageType":"TestSession.Message","Payload":{"MessageLevel":0,"Message":"Running all tests in C:\\Users\\jason\\source\\repos\\MoneyMeans.Zoo\\MoneyMeans.Zoo.Test\\bin\\Debug\\net7.0\\fine-code-coverage\\build-output\\MoneyMeans.Zoo.Test.dll"}}
TpTrace Verbose: 0 : 4260, 13, 2023/09/19, 16:56:05.941, 4468798181875, vstest.console.dll, TestRunRequest:SendTestRunMessage: Starting.
TpTrace Verbose: 0 : 4260, 13, 2023/09/19, 16:56:05.941, 4468798183093, vstest.console.dll, MulticastDelegateUtilities.SafeInvoke: TestRun.LogMessages: Invoking callback 1/1 for Microsoft.VisualStudio.TestPlatform.CommandLine.TestRunResultAggregator., took 0 ms.
TpTrace Verbose: 0 : 4260, 4, 2023/09/19, 16:56:05.941, 4468798183359, vstest.console.dll, MulticastDelegateUtilities.SafeInvoke: InternalTestLoggerEvents.SendTestRunMessage: Invoking callback 1/1 for Microsoft.VisualStudio.TestPlatform.CommandLine.Internal.ConsoleLogger., took 0 ms.
TpTrace Information: 0 : 4260, 13, 2023/09/19, 16:56:05.941, 4468798183980, vstest.console.dll, TestRunRequest:SendTestRunMessage: Completed.
TpTrace Verbose: 0 : 4260, 13, 2023/09/19, 16:56:05.942, 4468798186513, vstest.console.dll, MulticastDelegateUtilities.SafeInvoke: LengthPrefixCommunicationChannel: MessageReceived: Invoking callback 1/1 for Microsoft.VisualStudio.TestPlatform.CommunicationUtilities.TestRequestSender+<>c__DisplayClass34_0., took 0 ms.
TpTrace Verbose: 0 : 4260, 13, 2023/09/19, 16:56:05.942, 4468798187447, vstest.console.dll, TcpClientExtensions.MessageLoopAsync: Polling on remoteEndPoint: 127.0.0.1:60994 localEndPoint: 127.0.0.1:60993
TpTrace Verbose: 0 : 4260, 13, 2023/09/19, 16:56:06.068, 4468799456063, vstest.console.dll, TcpClientExtensions.MessageLoopAsync: NotifyDataAvailable remoteEndPoint: 127.0.0.1:60994 localEndPoint: 127.0.0.1:60993
TpTrace Verbose: 0 : 4260, 13, 2023/09/19, 16:56:06.069, 4468799458319, vstest.console.dll, TestRequestSender.OnExecutionMessageReceived: Received message: {"Version":7,"MessageType":"TestSession.Message","Payload":{"MessageLevel":0,"Message":"   NUnit3TestExecutor discovered 8 of 8 NUnit test cases using Current Discovery mode, Non-Explicit run"}}
TpTrace Verbose: 0 : 4260, 13, 2023/09/19, 16:56:06.069, 4468799460085, vstest.console.dll, TestRunRequest:SendTestRunMessage: Starting.
TpTrace Verbose: 0 : 4260, 13, 2023/09/19, 16:56:06.069, 4468799461169, vstest.console.dll, MulticastDelegateUtilities.SafeInvoke: TestRun.LogMessages: Invoking callback 1/1 for Microsoft.VisualStudio.TestPlatform.CommandLine.TestRunResultAggregator., took 0 ms.
TpTrace Verbose: 0 : 4260, 4, 2023/09/19, 16:56:06.069, 4468799461390, vstest.console.dll, MulticastDelegateUtilities.SafeInvoke: InternalTestLoggerEvents.SendTestRunMessage: Invoking callback 1/1 for Microsoft.VisualStudio.TestPlatform.CommandLine.Internal.ConsoleLogger., took 0 ms.
TpTrace Information: 0 : 4260, 13, 2023/09/19, 16:56:06.069, 4468799461933, vstest.console.dll, TestRunRequest:SendTestRunMessage: Completed.
TpTrace Verbose: 0 : 4260, 13, 2023/09/19, 16:56:06.069, 4468799463820, vstest.console.dll, MulticastDelegateUtilities.SafeInvoke: LengthPrefixCommunicationChannel: MessageReceived: Invoking callback 1/1 for Microsoft.VisualStudio.TestPlatform.CommunicationUtilities.TestRequestSender+<>c__DisplayClass34_0., took 0 ms.
TpTrace Verbose: 0 : 4260, 13, 2023/09/19, 16:56:06.069, 4468799464538, vstest.console.dll, TcpClientExtensions.MessageLoopAsync: Polling on remoteEndPoint: 127.0.0.1:60994 localEndPoint: 127.0.0.1:60993
TpTrace Verbose: 0 : 4260, 13, 2023/09/19, 16:56:06.210, 4468800866599, vstest.console.dll, TcpClientExtensions.MessageLoopAsync: NotifyDataAvailable remoteEndPoint: 127.0.0.1:60994 localEndPoint: 127.0.0.1:60993
TpTrace Verbose: 0 : 4260, 13, 2023/09/19, 16:56:06.210, 4468800868621, vstest.console.dll, TestRequestSender.OnExecutionMessageReceived: Received message: {"Version":7,"MessageType":"TestSession.Message","Payload":{"MessageLevel":0,"Message":"NUnit Adapter 4.4.0.0: Test execution complete"}}
TpTrace Verbose: 0 : 4260, 13, 2023/09/19, 16:56:06.210, 4468800870521, vstest.console.dll, TestRunRequest:SendTestRunMessage: Starting.
TpTrace Verbose: 0 : 4260, 13, 2023/09/19, 16:56:06.210, 4468800871555, vstest.console.dll, MulticastDelegateUtilities.SafeInvoke: TestRun.LogMessages: Invoking callback 1/1 for Microsoft.VisualStudio.TestPlatform.CommandLine.TestRunResultAggregator., took 0 ms.
TpTrace Verbose: 0 : 4260, 4, 2023/09/19, 16:56:06.210, 4468800871955, vstest.console.dll, MulticastDelegateUtilities.SafeInvoke: InternalTestLoggerEvents.SendTestRunMessage: Invoking callback 1/1 for Microsoft.VisualStudio.TestPlatform.CommandLine.Internal.ConsoleLogger., took 0 ms.
TpTrace Information: 0 : 4260, 13, 2023/09/19, 16:56:06.210, 4468800872227, vstest.console.dll, TestRunRequest:SendTestRunMessage: Completed.
TpTrace Verbose: 0 : 4260, 13, 2023/09/19, 16:56:06.210, 4468800874865, vstest.console.dll, MulticastDelegateUtilities.SafeInvoke: LengthPrefixCommunicationChannel: MessageReceived: Invoking callback 1/1 for Microsoft.VisualStudio.TestPlatform.CommunicationUtilities.TestRequestSender+<>c__DisplayClass34_0., took 0 ms.
TpTrace Verbose: 0 : 4260, 13, 2023/09/19, 16:56:06.210, 4468800875645, vstest.console.dll, TcpClientExtensions.MessageLoopAsync: Polling on remoteEndPoint: 127.0.0.1:60994 localEndPoint: 127.0.0.1:60993
TpTrace Verbose: 0 : 4260, 13, 2023/09/19, 16:56:06.254, 4468801309135, vstest.console.dll, TcpClientExtensions.MessageLoopAsync: NotifyDataAvailable remoteEndPoint: 127.0.0.1:60994 localEndPoint: 127.0.0.1:60993
TpTrace Verbose: 0 : 4260, 13, 2023/09/19, 16:56:06.254, 4468801312925, vstest.console.dll, TestRequestSender.OnExecutionMessageReceived: Received message: {"Version":7,"MessageType":"TestExecution.Completed","Payload":{"TestRunCompleteArgs":{"TestRunStatistics":{"ExecutedTests":8,"Stats":{"Passed":8}},"IsCanceled":false,"IsAborted":false,"Error":null,"AttachmentSets":[],"InvokedDataCollectors":[],"ElapsedTimeInRunningTests":"00:00:00.3292419","Metrics":{},"DiscoveredExtensions":{"TestDiscoverers":["NUnit.VisualStudio.TestAdapter.NUnit3TestDiscoverer, NUnit3.TestAdapter, Version=4.4.0.0, Culture=neutral, PublicKeyToken=4cb40d35494691ac"],"TestExecutors":["executor://NUnit3TestExecutor"],"TestExecutors2":[],"TestSettingsProviders":[]}},"LastRunTests":{"NewTestResults":[{"TestCase":{"Id":"13526cab-4e06-95c4-2146-513eb6ecdc5f","FullyQualifiedName":"MoneyMeans.Zoo.Test.DogTests.Dog_Returns_Woof_When_Bark_Is_Called","DisplayName":"Dog_Returns_Woof_When_Bark_Is_Called","ExecutorUri":"executor://NUnit3TestExecutor","Source":"C:\\Users\\jason\\source\\repos\\MoneyMeans.Zoo\\MoneyMeans.Zoo.Test\\bin\\Debug\\net7.0\\fine-code-coverage\\build-output\\MoneyMeans.Zoo.Test.dll","CodeFilePath":null,"LineNumber":0,"Properties":[{"Key":{"Id":"NUnit.Seed","Label":"Seed","Category":"","Description":"","Attributes":0,"ValueType":"System.String"},"Value":"1258897778"}]},"Attachments":[],"Outcome":1,"ErrorMessage":null,"ErrorStackTrace":null,"DisplayName":"Dog_Returns_Woof_When_Bark_Is_Called","Messages":[],"ComputerName":"DESKTOP-FVVL93N","Duration":"00:00:00.0090160","StartTime":"2023-09-19T15:56:06.1015362+00:00","EndTime":"2023-09-19T15:56:06.11045+00:00","Properties":[{"Key":{"Id":"NUnit.Seed","Label":"Seed","Category":"","Description":"","Attributes":0,"ValueType":"System.String"},"Value":"1258897778"}]},{"TestCase":{"Id":"41eaddbd-eea2-cc27-6175-dfa2ab1a1207","FullyQualifiedName":"MoneyMeans.Zoo.Test.DogTests.Given_ADog_When_ItHasANumberOfLegs_ThenItReturnsExpectedSpeech(3,\"Ouch\")","DisplayName":"Given_ADog_When_ItHasANumberOfLegs_ThenItReturnsExpectedSpeech(3,\"Ouch\")","ExecutorUri":"executor://NUnit3TestExecutor","Source":"C:\\Users\\jason\\source\\repos\\MoneyMeans.Zoo\\MoneyMeans.Zoo.Test\\bin\\Debug\\net7.0\\fine-code-coverage\\build-output\\MoneyMeans.Zoo.Test.dll","CodeFilePath":null,"LineNumber":0,"Properties":[{"Key":{"Id":"NUnit.Seed","Label":"Seed","Category":"","Description":"","Attributes":0,"ValueType":"System.String"},"Value":"1629533950"}]},"Attachments":[],"Outcome":1,"ErrorMessage":null,"ErrorStackTrace":null,"DisplayName":"Given_ADog_When_ItHasANumberOfLegs_ThenItReturnsExpectedSpeech(3,\"Ouch\")","Messages":[],"ComputerName":"DESKTOP-FVVL93N","Duration":"00:00:00.0031300","StartTime":"2023-09-19T15:56:06.1133072+00:00","EndTime":"2023-09-19T15:56:06.1164362+00:00","Properties":[{"Key":{"Id":"NUnit.Seed","Label":"Seed","Category":"","Description":"","Attributes":0,"ValueType":"System.String"},"Value":"1629533950"}]},{"TestCase":{"Id":"ca88c7dd-773f-6099-d5b2-7eb1f760b211","FullyQualifiedName":"MoneyMeans.Zoo.Test.DogTests.Given_ADog_When_ItHasANumberOfLegs_ThenItReturnsExpectedSpeech(2,\"Ouch\")","DisplayName":"Given_ADog_When_ItHasANumberOfLegs_ThenItReturnsExpectedSpeech(2,\"Ouch\")","ExecutorUri":"executor://NUnit3TestExecutor","Source":"C:\\Users\\jason\\source\\repos\\MoneyMeans.Zoo\\MoneyMeans.Zoo.Test\\bin\\Debug\\net7.0\\fine-code-coverage\\build-output\\MoneyMeans.Zoo.Test.dll","CodeFilePath":null,"LineNumber":0,"Properties":[{"Key":{"Id":"NUnit.Seed","Label":"Seed","Category":"","Description":"","Attributes":0,"ValueType":"System.String"},"Value":"1206990886"}]},"Attachments":[],"Outcome":1,"ErrorMessage":null,"ErrorStackTrace":null,"DisplayName":"Given_ADog_When_ItHasANumberOfLegs_ThenItReturnsExpectedSpeech(2,\"Ouch\")","Messages":[],"ComputerName":"DESKTOP-FVVL93N","Duration":"00:00:00.0004650","StartTime":"2023-09-19T15:56:06.1165072+00:00","EndTime":"2023-09-19T15:56:06.1169721+00:00","Properties":[{"Key":{"Id":"NUnit.Seed","Label":"Seed","Category":"","Description":"","Attributes":0,"ValueType":"System.String"},"Value":"1206990886"}]},{"TestCase":{"Id":"190d5e45-bb9e-ba99-b18b-6daf4c897d48","FullyQualifiedName":"MoneyMeans.Zoo.Test.DogTests.Given_ADog_When_ItHasANumberOfLegs_ThenItReturnsExpectedSpeech(0,\"Ouch\")","DisplayName":"Given_ADog_When_ItHasANumberOfLegs_ThenItReturnsExpectedSpeech(0,\"Ouch\")","ExecutorUri":"executor://NUnit3TestExecutor","Source":"C:\\Users\\jason\\source\\repos\\MoneyMeans.Zoo\\MoneyMeans.Zoo.Test\\bin\\Debug\\net7.0\\fine-code-coverage\\build-output\\MoneyMeans.Zoo.Test.dll","CodeFilePath":null,"LineNumber":0,"Properties":[{"Key":{"Id":"NUnit.Seed","Label":"Seed","Category":"","Description":"","Attributes":0,"ValueType":"System.String"},"Value":"1525173773"}]},"Attachments":[],"Outcome":1,"ErrorMessage":null,"ErrorStackTrace":null,"DisplayName":"Given_ADog_When_ItHasANumberOfLegs_ThenItReturnsExpectedSpeech(0,\"Ouch\")","Messages":[],"ComputerName":"DESKTOP-FVVL93N","Duration":"00:00:00.0000450","StartTime":"2023-09-19T15:56:06.1169949+00:00","EndTime":"2023-09-19T15:56:06.1170403+00:00","Properties":[{"Key":{"Id":"NUnit.Seed","Label":"Seed","Category":"","Description":"","Attributes":0,"ValueType":"System.String"},"Value":"1525173773"}]},{"TestCase":{"Id":"36335450-21c7-e92e-92d2-b927d0ad7a55","FullyQualifiedName":"MoneyMeans.Zoo.Test.DogTests.Given_ADog_When_ItHasANumberOfLegs_ThenItReturnsExpectedSpeech(1,\"Ouch\")","DisplayName":"Given_ADog_When_ItHasANumberOfLegs_ThenItReturnsExpectedSpeech(1,\"Ouch\")","ExecutorUri":"executor://NUnit3TestExecutor","Source":"C:\\Users\\jason\\source\\repos\\MoneyMeans.Zoo\\MoneyMeans.Zoo.Test\\bin\\Debug\\net7.0\\fine-code-coverage\\build-output\\MoneyMeans.Zoo.Test.dll","CodeFilePath":null,"LineNumber":0,"Properties":[{"Key":{"Id":"NUnit.Seed","Label":"Seed","Category":"","Description":"","Attributes":0,"ValueType":"System.String"},"Value":"313768741"}]},"Attachments":[],"Outcome":1,"ErrorMessage":null,"ErrorStackTrace":null,"DisplayName":"Given_ADog_When_ItHasANumberOfLegs_ThenItReturnsExpectedSpeech(1,\"Ouch\")","Messages":[],"ComputerName":"DESKTOP-FVVL93N","Duration":"00:00:00.0000270","StartTime":"2023-09-19T15:56:06.1171578+00:00","EndTime":"2023-09-19T15:56:06.1171846+00:00","Properties":[{"Key":{"Id":"NUnit.Seed","Label":"Seed","Category":"","Description":"","Attributes":0,"ValueType":"System.String"},"Value":"313768741"}]},{"TestCase":{"Id":"c5c1dbbb-9b60-9a8f-a126-f947c9032c40","FullyQualifiedName":"MoneyMeans.Zoo.Test.DogTests.Given_ADog_When_ItHasANumberOfLegs_ThenItReturnsExpectedSpeech(4,\"Woof\")","DisplayName":"Given_ADog_When_ItHasANumberOfLegs_ThenItReturnsExpectedSpeech(4,\"Woof\")","ExecutorUri":"executor://NUnit3TestExecutor","Source":"C:\\Users\\jason\\source\\repos\\MoneyMeans.Zoo\\MoneyMeans.Zoo.Test\\bin\\Debug\\net7.0\\fine-code-coverage\\build-output\\MoneyMeans.Zoo.Test.dll","CodeFilePath":null,"LineNumber":0,"Properties":[{"Key":{"Id":"NUnit.Seed","Label":"Seed","Category":"","Description":"","Attributes":0,"ValueType":"System.String"},"Value":"2136466518"}]},"Attachments":[],"Outcome":1,"ErrorMessage":null,"ErrorStackTrace":null,"DisplayName":"Given_ADog_When_ItHasANumberOfLegs_ThenItReturnsExpectedSpeech(4,\"Woof\")","Messages":[],"ComputerName":"DESKTOP-FVVL93N","Duration":"00:00:00.0000130","StartTime":"2023-09-19T15:56:06.1171998+00:00","EndTime":"2023-09-19T15:56:06.1172124+00:00","Properties":[{"Key":{"Id":"NUnit.Seed","Label":"Seed","Category":"","Description":"","Attributes":0,"ValueType":"System.String"},"Value":"2136466518"}]},{"TestCase":{"Id":"60cf4379-a1e3-992a-723d-0cf779404fc8","FullyQualifiedName":"MoneyMeans.Zoo.Test.DogTests.Given_ADog_When_ItHasANumberOfLegs_ThenItReturnsExpectedSpeech(8,\"Woof\")","DisplayName":"Given_ADog_When_ItHasANumberOfLegs_ThenItReturnsExpectedSpeech(8,\"Woof\")","ExecutorUri":"executor://NUnit3TestExecutor","Source":"C:\\Users\\jason\\source\\repos\\MoneyMeans.Zoo\\MoneyMeans.Zoo.Test\\bin\\Debug\\net7.0\\fine-code-coverage\\build-output\\MoneyMeans.Zoo.Test.dll","CodeFilePath":null,"LineNumber":0,"Properties":[{"Key":{"Id":"NUnit.Seed","Label":"Seed","Category":"","Description":"","Attributes":0,"ValueType":"System.String"},"Value":"126621095"}]},"Attachments":[],"Outcome":1,"ErrorMessage":null,"ErrorStackTrace":null,"DisplayName":"Given_ADog_When_ItHasANumberOfLegs_ThenItReturnsExpectedSpeech(8,\"Woof\")","Messages":[],"ComputerName":"DESKTOP-FVVL93N","Duration":"00:00:00.0000110","StartTime":"2023-09-19T15:56:06.1172223+00:00","EndTime":"2023-09-19T15:56:06.1172327+00:00","Properties":[{"Key":{"Id":"NUnit.Seed","Label":"Seed","Category":"","Description":"","Attributes":0,"ValueType":"System.String"},"Value":"126621095"}]},{"TestCase":{"Id":"f879ff1e-d50c-112e-372e-9a1593375e34","FullyQualifiedName":"MoneyMeans.Zoo.Test.DogTests.GivenACat_WhenTalkIsCalled_ItReturnsExpectedSpeech","DisplayName":"GivenACat_WhenTalkIsCalled_ItReturnsExpectedSpeech","ExecutorUri":"executor://NUnit3TestExecutor","Source":"C:\\Users\\jason\\source\\repos\\MoneyMeans.Zoo\\MoneyMeans.Zoo.Test\\bin\\Debug\\net7.0\\fine-code-coverage\\build-output\\MoneyMeans.Zoo.Test.dll","CodeFilePath":null,"LineNumber":0,"Properties":[{"Key":{"Id":"NUnit.Seed","Label":"Seed","Category":"","Description":"","Attributes":0,"ValueType":"System.String"},"Value":"1727400894"}]},"Attachments":[],"Outcome":1,"ErrorMessage":null,"ErrorStackTrace":null,"DisplayName":"GivenACat_WhenTalkIsCalled_ItReturnsExpectedSpeech","Messages":[],"ComputerName":"DESKTOP-FVVL93N","Duration":"00:00:00.0002430","StartTime":"2023-09-19T15:56:06.119788+00:00","EndTime":"2023-09-19T15:56:06.1200306+00:00","Properties":[{"Key":{"Id":"NUnit.Seed","Label":"Seed","Category":"","Description":"","Attributes":0,"ValueType":"System.String"},"Value":"1727400894"}]}],"TestRunStatistics":{"ExecutedTests":8,"Stats":{"Passed":8}},"ActiveTests":[]},"RunAttachments":[],"ExecutorUris":["executor://nunit3testexecutor/"]}}
TpTrace Verbose: 0 : 4260, 13, 2023/09/19, 16:56:06.254, 4468801315133, vstest.console.dll, TestRequestSender.EndSession: Sending end session.
TpTrace Verbose: 0 : 4260, 13, 2023/09/19, 16:56:06.255, 4468801317094, vstest.console.dll, ProxyOperationManager.Close: waiting for test host to exit for 100 ms
TpTrace Verbose: 0 : 4260, 7, 2023/09/19, 16:56:06.276, 4468801532607, vstest.console.dll, TestHostManagerCallbacks.ctor: Experimental forwarding output is disabled.
TpTrace Warning: 0 : 4260, 7, 2023/09/19, 16:56:06.276, 4468801533865, vstest.console.dll, TestHostManagerCallbacks.ErrorReceivedCallback Test host standard error line: 
TpTrace Verbose: 0 : 4260, 7, 2023/09/19, 16:56:06.286, 4468801627240, vstest.console.dll, TestHostProvider.ExitCallBack: Host exited starting callback.
TpTrace Information: 0 : 4260, 7, 2023/09/19, 16:56:06.286, 4468801630283, vstest.console.dll, TestHostManagerCallbacks.ExitCallBack: Testhost processId: 19100 exited with exitcode: 0 error: ''
TpTrace Verbose: 0 : 4260, 7, 2023/09/19, 16:56:06.286, 4468801630871, vstest.console.dll, DotnetTestHostManager.OnHostExited: invoking OnHostExited callback
TpTrace Verbose: 0 : 4260, 7, 2023/09/19, 16:56:06.286, 4468801631453, vstest.console.dll, CrossPlatEngine.TestHostManagerHostExited: calling on client process exit callback.
TpTrace Information: 0 : 4260, 7, 2023/09/19, 16:56:06.286, 4468801632056, vstest.console.dll, TestRequestSender.OnClientProcessExit: Test host process exited. Standard error: 
TpTrace Information: 0 : 4260, 7, 2023/09/19, 16:56:06.286, 4468801632841, vstest.console.dll, SocketServer.Stop: Stop server endPoint: 127.0.0.1:60993
TpTrace Information: 0 : 4260, 13, 2023/09/19, 16:56:06.286, 4468801632841, vstest.console.dll, SocketServer.Stop: Stop server endPoint: 127.0.0.1:60993
TpTrace Information: 0 : 4260, 7, 2023/09/19, 16:56:06.286, 4468801633431, vstest.console.dll, SocketServer.Stop: Cancellation requested. Stopping message loop.
TpTrace Information: 0 : 4260, 13, 2023/09/19, 16:56:06.286, 4468801634100, vstest.console.dll, SocketServer.Stop: Cancellation requested. Stopping message loop.
TpTrace Information: 0 : 4260, 13, 2023/09/19, 16:56:06.286, 4468801635476, vstest.console.dll, Closing the connection
TpTrace Verbose: 0 : 4260, 7, 2023/09/19, 16:56:06.286, 4468801635539, vstest.console.dll, MulticastDelegateUtilities.SafeInvoke: HostProviderEvents.OnHostExited: Invoking callback 1/1 for Microsoft.VisualStudio.TestPlatform.CrossPlatEngine.Client.ProxyOperationManager., took 0 ms.
TpTrace Verbose: 0 : 4260, 13, 2023/09/19, 16:56:06.287, 4468801638498, vstest.console.dll, ProxyDataCollectionManager.InvokeDataCollectionServiceAction: Starting.
TpTrace Information: 0 : 4260, 13, 2023/09/19, 16:56:06.287, 4468801638983, vstest.console.dll, ProxyDataCollectionManager.AfterTestRunEnd: Get attachment set and invoked data collectors processId: 1300 port: 60990
TpTrace Verbose: 0 : 4260, 13, 2023/09/19, 16:56:06.287, 4468801639541, vstest.console.dll, DataCollectionRequestSender.SendAfterTestRunStartAndGetResult: Send AfterTestRunEnd message with isCancelled: False
TpTrace Verbose: 0 : 4260, 13, 2023/09/19, 16:56:06.295, 4468801722148, vstest.console.dll, DataCollectionRequestSender.SendAfterTestRunStartAndGetResult: Received message: (DataCollection.AfterTestRunEndResult) -> {"MessageType":"DataCollection.AfterTestRunEndResult","Payload":{"AttachmentSets":[],"InvokedDataCollectors":[{"Uri":"datacollector://Microsoft/TestPlatform/Extensions/Blame/v1","FriendlyName":"Blame","AssemblyQualifiedName":"Microsoft.TestPlatform.Extensions.BlameDataCollector.BlameCollector, Microsoft.TestPlatform.Extensions.BlameDataCollector, Version=15.0.0.0, Culture=neutral, PublicKeyToken=b03f5f7f11d50a3a","FilePath":"C:\\Program Files\\dotnet\\sdk\\7.0.401\\Extensions\\Microsoft.TestPlatform.Extensions.BlameDataCollector.dll","HasAttachmentProcessor":false}],"Metrics":{}}}
TpTrace Warning: 0 : 4260, 10, 2023/09/19, 16:56:06.300, 4468801773285, vstest.console.dll, DataCollectionLauncher.ErrorReceivedCallback datacollector standard error line: 
TpTrace Information: 0 : 4260, 13, 2023/09/19, 16:56:06.306, 4468801830762, vstest.console.dll, ProxyDataCollectionManager.InvokeDataCollectionServiceAction: Completed.
TpTrace Information: 0 : 4260, 10, 2023/09/19, 16:56:06.308, 4468801854342, vstest.console.dll, DataCollectionLauncher.ExitCallBack: Data collector exited with exitcode: 0 error: ''
TpTrace Verbose: 0 : 4260, 13, 2023/09/19, 16:56:06.385, 4468802625949, vstest.console.dll, TestRunRequest:SendTestRunStatsChange: Starting.
TpTrace Verbose: 0 : 4260, 13, 2023/09/19, 16:56:06.386, 4468802629872, vstest.console.dll, MulticastDelegateUtilities.SafeInvoke: TestRun.RunStatsChanged: Invoking callbacks was skipped because there are no subscribers.
TpTrace Information: 0 : 4260, 13, 2023/09/19, 16:56:06.386, 4468802630504, vstest.console.dll, TestRunRequest:SendTestRunStatsChange: Completed.
TpTrace Verbose: 0 : 4260, 13, 2023/09/19, 16:56:06.386, 4468802635955, vstest.console.dll, ParallelProxyExecutionManager: HandlePartialRunComplete: Total workloads = 1, Total started clients = 1 Total completed clients = 1, Run complete = True, Run canceled: False.
TpTrace Verbose: 0 : 4260, 13, 2023/09/19, 16:56:06.387, 4468802636447, vstest.console.dll, ParallelProxyExecutionManager: HandlePartialRunComplete: All runs completed stopping all managers.
TpTrace Verbose: 0 : 4260, 13, 2023/09/19, 16:56:06.387, 4468802636860, vstest.console.dll, ParallelOperationManager.StopAllManagers: Stopping all managers.
TpTrace Verbose: 0 : 4260, 13, 2023/09/19, 16:56:06.387, 4468802637313, vstest.console.dll, ParallelOperationManager.ClearSlots: Clearing all slots. Slots should accept more work: False
TpTrace Verbose: 0 : 4260, 13, 2023/09/19, 16:56:06.387, 4468802637933, vstest.console.dll, ParallelOperationManager.SetOccupiedSlotCount: Setting slot counts AvailableSlotCount = 1, OccupiedSlotCount = 0.
TpTrace Verbose: 0 : 4260, 13, 2023/09/19, 16:56:06.387, 4468802638324, vstest.console.dll, Occupied slots:

TpTrace Verbose: 0 : 4260, 4, 2023/09/19, 16:56:06.388, 4468802651088, vstest.console.dll, MulticastDelegateUtilities.SafeInvoke: InternalTestLoggerEvents.SendTestResult: Invoking callback 1/1 for Microsoft.VisualStudio.TestPlatform.CommandLine.Internal.ConsoleLogger., took 2 ms.
TpTrace Verbose: 0 : 4260, 4, 2023/09/19, 16:56:06.388, 4468802654802, vstest.console.dll, MulticastDelegateUtilities.SafeInvoke: InternalTestLoggerEvents.SendTestResult: Invoking callback 1/1 for Microsoft.VisualStudio.TestPlatform.CommandLine.Internal.ConsoleLogger., took 0 ms.
TpTrace Verbose: 0 : 4260, 4, 2023/09/19, 16:56:06.388, 4468802655997, vstest.console.dll, MulticastDelegateUtilities.SafeInvoke: InternalTestLoggerEvents.SendTestResult: Invoking callback 1/1 for Microsoft.VisualStudio.TestPlatform.CommandLine.Internal.ConsoleLogger., took 0 ms.
TpTrace Verbose: 0 : 4260, 4, 2023/09/19, 16:56:06.389, 4468802656904, vstest.console.dll, MulticastDelegateUtilities.SafeInvoke: InternalTestLoggerEvents.SendTestResult: Invoking callback 1/1 for Microsoft.VisualStudio.TestPlatform.CommandLine.Internal.ConsoleLogger., took 0 ms.
TpTrace Verbose: 0 : 4260, 4, 2023/09/19, 16:56:06.389, 4468802657843, vstest.console.dll, MulticastDelegateUtilities.SafeInvoke: InternalTestLoggerEvents.SendTestResult: Invoking callback 1/1 for Microsoft.VisualStudio.TestPlatform.CommandLine.Internal.ConsoleLogger., took 0 ms.
TpTrace Verbose: 0 : 4260, 4, 2023/09/19, 16:56:06.389, 4468802658610, vstest.console.dll, MulticastDelegateUtilities.SafeInvoke: InternalTestLoggerEvents.SendTestResult: Invoking callback 1/1 for Microsoft.VisualStudio.TestPlatform.CommandLine.Internal.ConsoleLogger., took 0 ms.
TpTrace Verbose: 0 : 4260, 4, 2023/09/19, 16:56:06.389, 4468802659396, vstest.console.dll, MulticastDelegateUtilities.SafeInvoke: InternalTestLoggerEvents.SendTestResult: Invoking callback 1/1 for Microsoft.VisualStudio.TestPlatform.CommandLine.Internal.ConsoleLogger., took 0 ms.
TpTrace Verbose: 0 : 4260, 4, 2023/09/19, 16:56:06.389, 4468802660181, vstest.console.dll, MulticastDelegateUtilities.SafeInvoke: InternalTestLoggerEvents.SendTestResult: Invoking callback 1/1 for Microsoft.VisualStudio.TestPlatform.CommandLine.Internal.ConsoleLogger., took 0 ms.
TpTrace Verbose: 0 : 4260, 4, 2023/09/19, 16:56:06.396, 4468802733107, vstest.console.dll, MulticastDelegateUtilities.SafeInvoke: InternalTestLoggerEvents.SendTestRunComplete: Invoking callback 1/2 for Microsoft.TestPlatform.Extensions.BlameDataCollector.BlameLogger., took 0 ms.
TpTrace Verbose: 0 : 4260, 4, 2023/09/19, 16:56:06.404, 4468802812133, vstest.console.dll, MulticastDelegateUtilities.SafeInvoke: InternalTestLoggerEvents.SendTestRunComplete: Invoking callback 2/2 for Microsoft.VisualStudio.TestPlatform.CommandLine.Internal.ConsoleLogger., took 7 ms.
TpTrace Verbose: 0 : 4260, 13, 2023/09/19, 16:56:06.405, 4468802816568, vstest.console.dll, TestRunRequest:TestRunComplete: Starting. IsAborted:False IsCanceled:False.
TpTrace Verbose: 0 : 4260, 13, 2023/09/19, 16:56:06.405, 4468802819061, vstest.console.dll, ParallelOperationManager.DoActionOnAllManagers: Calling an action on all managers.
TpTrace Verbose: 0 : 4260, 13, 2023/09/19, 16:56:06.406, 4468802829731, vstest.console.dll, TestLoggerManager.HandleTestRunComplete: Ignoring as the object is disposed.
TpTrace Verbose: 0 : 4260, 13, 2023/09/19, 16:56:06.406, 4468802832166, vstest.console.dll, MulticastDelegateUtilities.SafeInvoke: TestRun.TestRunComplete: Invoking callback 1/2 for Microsoft.VisualStudio.TestPlatform.CommandLine.TestRunResultAggregator., took 0 ms.
TpTrace Verbose: 0 : 4260, 13, 2023/09/19, 16:56:06.406, 4468802834188, vstest.console.dll, MulticastDelegateUtilities.SafeInvoke: TestRun.TestRunComplete: Invoking callback 2/2 for Microsoft.VisualStudio.TestPlatform.CommandLine.Processors.RunTestsArgumentExecutor+TestRunRequestEventsRegistrar., took 0 ms.
TpTrace Information: 0 : 4260, 13, 2023/09/19, 16:56:06.406, 4468802835486, vstest.console.dll, TestRunRequest:TestRunComplete: Completed.
TpTrace Verbose: 0 : 4260, 1, 2023/09/19, 16:56:06.406, 4468802836347, vstest.console.dll, TestRunRequest.Dispose: Starting.
TpTrace Verbose: 0 : 4260, 13, 2023/09/19, 16:56:06.407, 4468802837414, vstest.console.dll, TestRequestSender.SetOperationComplete: Setting operation complete.
TpTrace Information: 0 : 4260, 1, 2023/09/19, 16:56:06.407, 4468802837467, vstest.console.dll, TestRunRequest.Dispose: Completed.
TpTrace Information: 0 : 4260, 13, 2023/09/19, 16:56:06.407, 4468802838747, vstest.console.dll, SocketServer.Stop: Stop server endPoint: 127.0.0.1:60993
TpTrace Information: 0 : 4260, 1, 2023/09/19, 16:56:06.407, 4468802838935, vstest.console.dll, TestRequestManager.RunTests: run tests completed.
TpTrace Information: 0 : 4260, 13, 2023/09/19, 16:56:06.407, 4468802839353, vstest.console.dll, SocketServer.Stop: Cancellation requested. Stopping message loop.
TpTrace Verbose: 0 : 4260, 13, 2023/09/19, 16:56:06.407, 4468802840694, vstest.console.dll, MulticastDelegateUtilities.SafeInvoke: LengthPrefixCommunicationChannel: MessageReceived: Invoking callback 1/1 for Microsoft.VisualStudio.TestPlatform.CommunicationUtilities.TestRequestSender+<>c__DisplayClass34_0., took 152 ms.
TpTrace Information: 0 : 4260, 1, 2023/09/19, 16:56:06.407, 4468802841253, vstest.console.dll, RunTestsArgumentProcessor:Execute: Test run is completed.
TpTrace Information: 0 : 4260, 13, 2023/09/19, 16:56:06.407, 4468802841466, vstest.console.dll, SocketServer.PrivateStop: Stopping server endPoint: 127.0.0.1:60993 error: 
TpTrace Verbose: 0 : 4260, 1, 2023/09/19, 16:56:06.407, 4468802843753, vstest.console.dll, Executor.Execute: Exiting with exit code of 0
TpTrace Verbose: 0 : 4260, 13, 2023/09/19, 16:56:06.408, 4468802847020, vstest.console.dll, LengthPrefixCommunicationChannel.Dispose: Dispose reader and writer.
TpTrace Information: 0 : 4260, 13, 2023/09/19, 16:56:06.408, 4468802848022, vstest.console.dll, SocketServer.Stop: Raise disconnected event endPoint: 127.0.0.1:60993 error: 
TpTrace Verbose: 0 : 4260, 13, 2023/09/19, 16:56:06.408, 4468802849312, vstest.console.dll, TestRequestSender: OnTestRunAbort: Operation is already complete. Skip error message.
TpTrace Verbose: 0 : 4260, 13, 2023/09/19, 16:56:06.408, 4468802849980, vstest.console.dll, MulticastDelegateUtilities.SafeInvoke: SocketServer: ClientDisconnected: Invoking callback 1/1 for Microsoft.VisualStudio.TestPlatform.CommunicationUtilities.TestRequestSender., took 0 ms.
