<?xml version="1.0" encoding="utf-8"?>
<coverage line-rate="1" branch-rate="1" version="1.9" timestamp="1695138966" lines-covered="15" lines-valid="15" branches-covered="2" branches-valid="2">
  <sources>
    <source>C:\Users\jason\source\repos\MoneyMeans.Zoo\MoneyMeans.Zoo\</source>
  </sources>
  <packages>
    <package name="MoneyMeans.Zoo" line-rate="1" branch-rate="1" complexity="5">
      <classes>
        <class name="MoneyMeans.Zoo.Animal" filename="Animal.cs" line-rate="1" branch-rate="1" complexity="1">
          <methods>
            <method name="get_NumberOfLegs" signature="()" line-rate="1" branch-rate="1" complexity="1">
              <lines>
                <line number="5" hits="20" branch="False" />
              </lines>
            </method>
          </methods>
          <lines>
            <line number="5" hits="20" branch="False" />
          </lines>
        </class>
        <class name="MoneyMeans.Zoo.Cat" filename="Cat.cs" line-rate="1" branch-rate="1" complexity="1">
          <methods>
            <method name="Talk" signature="()" line-rate="1" branch-rate="1" complexity="1">
              <lines>
                <line number="6" hits="1" branch="False" />
                <line number="7" hits="1" branch="False" />
                <line number="8" hits="1" branch="False" />
              </lines>
            </method>
          </methods>
          <lines>
            <line number="6" hits="1" branch="False" />
            <line number="7" hits="1" branch="False" />
            <line number="8" hits="1" branch="False" />
          </lines>
        </class>
        <class name="MoneyMeans.Zoo.Dog" filename="Dog.cs" line-rate="1" branch-rate="1" complexity="3">
          <methods>
            <method name="Talk" signature="()" line-rate="1" branch-rate="1" complexity="2">
              <lines>
                <line number="13" hits="7" branch="False" />
                <line number="14" hits="7" branch="True" condition-coverage="100% (2/2)">
                  <conditions>
                    <condition number="12" type="jump" coverage="100%" />
                  </conditions>
                </line>
                <line number="15" hits="4" branch="False" />
                <line number="16" hits="4" branch="False" />
                <line number="19" hits="3" branch="False" />
                <line number="20" hits="7" branch="False" />
              </lines>
            </method>
            <method name=".ctor" signature="()" line-rate="1" branch-rate="1" complexity="1">
              <lines>
                <line number="5" hits="7" branch="False" />
                <line number="7" hits="7" branch="False" />
                <line number="8" hits="7" branch="False" />
                <line number="9" hits="7" branch="False" />
                <line number="10" hits="7" branch="False" />
              </lines>
            </method>
          </methods>
          <lines>
            <line number="13" hits="7" branch="False" />
            <line number="14" hits="7" branch="True" condition-coverage="100% (2/2)">
              <conditions>
                <condition number="12" type="jump" coverage="100%" />
              </conditions>
            </line>
            <line number="15" hits="4" branch="False" />
            <line number="16" hits="4" branch="False" />
            <line number="19" hits="3" branch="False" />
            <line number="20" hits="7" branch="False" />
            <line number="5" hits="7" branch="False" />
            <line number="7" hits="7" branch="False" />
            <line number="8" hits="7" branch="False" />
            <line number="9" hits="7" branch="False" />
            <line number="10" hits="7" branch="False" />
          </lines>
        </class>
      </classes>
    </package>
  </packages>
</coverage>